{"C:\\Users\\LeroyJoiceDsouza\\Desktop\\Code Projects\\checkmate.uno\\backend\\src\\app.controller.ts": {"path":"C:\\Users\\LeroyJoiceDsouza\\Desktop\\Code Projects\\checkmate.uno\\backend\\src\\app.controller.ts","statementMap":{"0":{"start":{"line":1,"column":0},"end":{"line":1,"column":49}},"1":{"start":{"line":2,"column":0},"end":{"line":2,"column":43}},"2":{"start":{"line":5,"column":7},"end":{"line":12,"column":null}},"3":{"start":{"line":6,"column":31},"end":{"line":6,"column":43}},"4":{"start":{"line":10,"column":4},"end":{"line":10,"column":38}},"5":{"start":{"line":5,"column":13},"end":{"line":5,"column":26}},"6":{"start":{"line":9,"column":2},"end":{"line":11,"column":null}},"7":{"start":{"line":5,"column":13},"end":{"line":12,"column":null}}},"fnMap":{"0":{"name":"(anonymous_2)","decl":{"start":{"line":6,"column":2},"end":{"line":6,"column":31}},"loc":{"start":{"line":6,"column":53},"end":{"line":6,"column":57}}},"1":{"name":"(anonymous_3)","decl":{"start":{"line":9,"column":2},"end":{"line":9,"column":10}},"loc":{"start":{"line":9,"column":10},"end":{"line":11,"column":3}}}},"branchMap":{"0":{"loc":{"start":{"line":6,"column":43},"end":{"line":6,"column":56}},"type":"cond-expr","locations":[{"start":{"line":6,"column":53},"end":{"line":6,"column":56}},{"start":{"line":6,"column":53},"end":{"line":6,"column":56}}]},"1":{"loc":{"start":{"line":6,"column":43},"end":{"line":6,"column":53}},"type":"binary-expr","locations":[{"start":{"line":6,"column":43},"end":{"line":6,"column":56}},{"start":{"line":6,"column":43},"end":{"line":6,"column":53}}]}},"s":{"0":1,"1":1,"2":1,"3":1,"4":1,"5":1,"6":1,"7":1},"f":{"0":1,"1":1},"b":{"0":[1,0],"1":[1,1]}}
,"C:\\Users\\LeroyJoiceDsouza\\Desktop\\Code Projects\\checkmate.uno\\backend\\src\\app.module.ts": {"path":"C:\\Users\\LeroyJoiceDsouza\\Desktop\\Code Projects\\checkmate.uno\\backend\\src\\app.module.ts","statementMap":{"0":{"start":{"line":1,"column":0},"end":{"line":1,"column":40}},"1":{"start":{"line":2,"column":0},"end":{"line":2,"column":46}},"2":{"start":{"line":3,"column":0},"end":{"line":3,"column":49}},"3":{"start":{"line":4,"column":0},"end":{"line":4,"column":43}},"4":{"start":{"line":5,"column":0},"end":{"line":5,"column":60}},"5":{"start":{"line":6,"column":0},"end":{"line":6,"column":51}},"6":{"start":{"line":7,"column":0},"end":{"line":7,"column":48}},"7":{"start":{"line":8,"column":0},"end":{"line":8,"column":51}},"8":{"start":{"line":24,"column":7},"end":{"line":24,"column":null}},"9":{"start":{"line":24,"column":13},"end":{"line":24,"column":22}},"10":{"start":{"line":24,"column":13},"end":{"line":24,"column":null}}},"fnMap":{},"branchMap":{},"s":{"0":0,"1":0,"2":0,"3":0,"4":0,"5":0,"6":0,"7":0,"8":0,"9":0,"10":0},"f":{},"b":{}}
,"C:\\Users\\LeroyJoiceDsouza\\Desktop\\Code Projects\\checkmate.uno\\backend\\src\\app.service.ts": {"path":"C:\\Users\\LeroyJoiceDsouza\\Desktop\\Code Projects\\checkmate.uno\\backend\\src\\app.service.ts","statementMap":{"0":{"start":{"line":1,"column":0},"end":{"line":1,"column":44}},"1":{"start":{"line":4,"column":7},"end":{"line":8,"column":null}},"2":{"start":{"line":6,"column":4},"end":{"line":6,"column":26}},"3":{"start":{"line":4,"column":13},"end":{"line":4,"column":23}},"4":{"start":{"line":4,"column":13},"end":{"line":8,"column":null}}},"fnMap":{"0":{"name":"(anonymous_1)","decl":{"start":{"line":5,"column":2},"end":{"line":5,"column":10}},"loc":{"start":{"line":5,"column":10},"end":{"line":7,"column":3}}}},"branchMap":{},"s":{"0":1,"1":1,"2":1,"3":1,"4":1},"f":{"0":1},"b":{}}
,"C:\\Users\\LeroyJoiceDsouza\\Desktop\\Code Projects\\checkmate.uno\\backend\\src\\main.ts": {"path":"C:\\Users\\LeroyJoiceDsouza\\Desktop\\Code Projects\\checkmate.uno\\backend\\src\\main.ts","statementMap":{"0":{"start":{"line":1,"column":0},"end":{"line":1,"column":43}},"1":{"start":{"line":2,"column":0},"end":{"line":2,"column":41}},"2":{"start":{"line":5,"column":14},"end":{"line":5,"column":49}},"3":{"start":{"line":8,"column":2},"end":{"line":11,"column":5}},"4":{"start":{"line":13,"column":2},"end":{"line":13,"column":45}},"5":{"start":{"line":15,"column":0},"end":{"line":15,"column":12}}},"fnMap":{"0":{"name":"bootstrap","decl":{"start":{"line":4,"column":15},"end":{"line":4,"column":24}},"loc":{"start":{"line":4,"column":24},"end":{"line":14,"column":1}}}},"branchMap":{"0":{"loc":{"start":{"line":9,"column":12},"end":{"line":9,"column":62}},"type":"binary-expr","locations":[{"start":{"line":9,"column":12},"end":{"line":9,"column":35}},{"start":{"line":9,"column":39},"end":{"line":9,"column":62}}]},"1":{"loc":{"start":{"line":13,"column":19},"end":{"line":13,"column":43}},"type":"binary-expr","locations":[{"start":{"line":13,"column":19},"end":{"line":13,"column":35}},{"start":{"line":13,"column":39},"end":{"line":13,"column":43}}]}},"s":{"0":0,"1":0,"2":0,"3":0,"4":0,"5":0},"f":{"0":0},"b":{"0":[0,0],"1":[0,0]}}
,"C:\\Users\\LeroyJoiceDsouza\\Desktop\\Code Projects\\checkmate.uno\\backend\\src\\__tests__\\api.endpoints.test.ts": {"path":"C:\\Users\\LeroyJoiceDsouza\\Desktop\\Code Projects\\checkmate.uno\\backend\\src\\__tests__\\api.endpoints.test.ts","statementMap":{"0":{"start":{"line":6,"column":0},"end":{"line":466,"column":3}},"1":{"start":{"line":7,"column":18},"end":{"line":7,"column":41}},"2":{"start":{"line":9,"column":2},"end":{"line":119,"column":5}},"3":{"start":{"line":10,"column":4},"end":{"line":70,"column":7}},"4":{"start":{"line":11,"column":6},"end":{"line":27,"column":9}},"5":{"start":{"line":12,"column":25},"end":{"line":15,"column":10}},"6":{"start":{"line":17,"column":25},"end":{"line":23,"column":10}},"7":{"start":{"line":25,"column":8},"end":{"line":25,"column":42}},"8":{"start":{"line":26,"column":8},"end":{"line":26,"column":50}},"9":{"start":{"line":29,"column":6},"end":{"line":41,"column":9}},"10":{"start":{"line":30,"column":25},"end":{"line":33,"column":10}},"11":{"start":{"line":35,"column":25},"end":{"line":38,"column":10}},"12":{"start":{"line":40,"column":8},"end":{"line":40,"column":42}},"13":{"start":{"line":43,"column":6},"end":{"line":55,"column":9}},"14":{"start":{"line":44,"column":25},"end":{"line":47,"column":10}},"15":{"start":{"line":49,"column":25},"end":{"line":52,"column":10}},"16":{"start":{"line":54,"column":8},"end":{"line":54,"column":42}},"17":{"start":{"line":57,"column":6},"end":{"line":69,"column":9}},"18":{"start":{"line":58,"column":25},"end":{"line":61,"column":10}},"19":{"start":{"line":63,"column":25},"end":{"line":66,"column":10}},"20":{"start":{"line":68,"column":8},"end":{"line":68,"column":42}},"21":{"start":{"line":72,"column":4},"end":{"line":118,"column":7}},"22":{"start":{"line":73,"column":6},"end":{"line":89,"column":9}},"23":{"start":{"line":74,"column":28},"end":{"line":77,"column":10}},"24":{"start":{"line":79,"column":25},"end":{"line":85,"column":10}},"25":{"start":{"line":87,"column":8},"end":{"line":87,"column":42}},"26":{"start":{"line":88,"column":8},"end":{"line":88,"column":50}},"27":{"start":{"line":91,"column":6},"end":{"line":103,"column":9}},"28":{"start":{"line":92,"column":28},"end":{"line":95,"column":10}},"29":{"start":{"line":97,"column":25},"end":{"line":100,"column":10}},"30":{"start":{"line":102,"column":8},"end":{"line":102,"column":42}},"31":{"start":{"line":105,"column":6},"end":{"line":117,"column":9}},"32":{"start":{"line":106,"column":28},"end":{"line":109,"column":10}},"33":{"start":{"line":111,"column":25},"end":{"line":114,"column":10}},"34":{"start":{"line":116,"column":8},"end":{"line":116,"column":42}},"35":{"start":{"line":121,"column":2},"end":{"line":362,"column":5}},"36":{"start":{"line":122,"column":4},"end":{"line":147,"column":7}},"37":{"start":{"line":123,"column":6},"end":{"line":137,"column":9}},"38":{"start":{"line":124,"column":25},"end":{"line":124,"column":43}},"39":{"start":{"line":126,"column":25},"end":{"line":133,"column":10}},"40":{"start":{"line":135,"column":8},"end":{"line":135,"column":42}},"41":{"start":{"line":136,"column":8},"end":{"line":136,"column":53}},"42":{"start":{"line":139,"column":6},"end":{"line":146,"column":9}},"43":{"start":{"line":140,"column":25},"end":{"line":143,"column":10}},"44":{"start":{"line":145,"column":8},"end":{"line":145,"column":42}},"45":{"start":{"line":149,"column":4},"end":{"line":193,"column":7}},"46":{"start":{"line":150,"column":6},"end":{"line":166,"column":9}},"47":{"start":{"line":151,"column":25},"end":{"line":153,"column":10}},"48":{"start":{"line":155,"column":25},"end":{"line":162,"column":10}},"49":{"start":{"line":164,"column":8},"end":{"line":164,"column":42}},"50":{"start":{"line":165,"column":8},"end":{"line":165,"column":53}},"51":{"start":{"line":168,"column":6},"end":{"line":179,"column":9}},"52":{"start":{"line":169,"column":25},"end":{"line":171,"column":10}},"53":{"start":{"line":173,"column":25},"end":{"line":176,"column":10}},"54":{"start":{"line":178,"column":8},"end":{"line":178,"column":42}},"55":{"start":{"line":181,"column":6},"end":{"line":192,"column":9}},"56":{"start":{"line":182,"column":25},"end":{"line":184,"column":10}},"57":{"start":{"line":186,"column":25},"end":{"line":189,"column":10}},"58":{"start":{"line":191,"column":8},"end":{"line":191,"column":42}},"59":{"start":{"line":195,"column":4},"end":{"line":233,"column":7}},"60":{"start":{"line":196,"column":6},"end":{"line":210,"column":9}},"61":{"start":{"line":197,"column":23},"end":{"line":197,"column":33}},"62":{"start":{"line":199,"column":25},"end":{"line":206,"column":10}},"63":{"start":{"line":208,"column":8},"end":{"line":208,"column":42}},"64":{"start":{"line":209,"column":8},"end":{"line":209,"column":56}},"65":{"start":{"line":212,"column":6},"end":{"line":221,"column":9}},"66":{"start":{"line":213,"column":23},"end":{"line":213,"column":35}},"67":{"start":{"line":215,"column":25},"end":{"line":218,"column":10}},"68":{"start":{"line":220,"column":8},"end":{"line":220,"column":42}},"69":{"start":{"line":223,"column":6},"end":{"line":232,"column":9}},"70":{"start":{"line":224,"column":23},"end":{"line":224,"column":33}},"71":{"start":{"line":226,"column":25},"end":{"line":229,"column":10}},"72":{"start":{"line":231,"column":8},"end":{"line":231,"column":42}},"73":{"start":{"line":235,"column":4},"end":{"line":299,"column":7}},"74":{"start":{"line":236,"column":6},"end":{"line":253,"column":9}},"75":{"start":{"line":237,"column":23},"end":{"line":237,"column":33}},"76":{"start":{"line":238,"column":25},"end":{"line":241,"column":10}},"77":{"start":{"line":243,"column":25},"end":{"line":249,"column":10}},"78":{"start":{"line":251,"column":8},"end":{"line":251,"column":42}},"79":{"start":{"line":252,"column":8},"end":{"line":252,"column":57}},"80":{"start":{"line":255,"column":6},"end":{"line":268,"column":9}},"81":{"start":{"line":256,"column":23},"end":{"line":256,"column":33}},"82":{"start":{"line":257,"column":25},"end":{"line":260,"column":10}},"83":{"start":{"line":262,"column":25},"end":{"line":265,"column":10}},"84":{"start":{"line":267,"column":8},"end":{"line":267,"column":42}},"85":{"start":{"line":270,"column":6},"end":{"line":283,"column":9}},"86":{"start":{"line":271,"column":23},"end":{"line":271,"column":33}},"87":{"start":{"line":272,"column":25},"end":{"line":275,"column":10}},"88":{"start":{"line":277,"column":25},"end":{"line":280,"column":10}},"89":{"start":{"line":282,"column":8},"end":{"line":282,"column":42}},"90":{"start":{"line":285,"column":6},"end":{"line":298,"column":9}},"91":{"start":{"line":286,"column":23},"end":{"line":286,"column":33}},"92":{"start":{"line":287,"column":25},"end":{"line":290,"column":10}},"93":{"start":{"line":292,"column":25},"end":{"line":295,"column":10}},"94":{"start":{"line":297,"column":8},"end":{"line":297,"column":42}},"95":{"start":{"line":301,"column":4},"end":{"line":361,"column":7}},"96":{"start":{"line":302,"column":6},"end":{"line":318,"column":9}},"97":{"start":{"line":303,"column":23},"end":{"line":303,"column":33}},"98":{"start":{"line":304,"column":25},"end":{"line":306,"column":10}},"99":{"start":{"line":308,"column":25},"end":{"line":314,"column":10}},"100":{"start":{"line":316,"column":8},"end":{"line":316,"column":42}},"101":{"start":{"line":317,"column":8},"end":{"line":317,"column":53}},"102":{"start":{"line":320,"column":6},"end":{"line":332,"column":9}},"103":{"start":{"line":321,"column":23},"end":{"line":321,"column":33}},"104":{"start":{"line":322,"column":25},"end":{"line":324,"column":10}},"105":{"start":{"line":326,"column":25},"end":{"line":329,"column":10}},"106":{"start":{"line":331,"column":8},"end":{"line":331,"column":42}},"107":{"start":{"line":334,"column":6},"end":{"line":346,"column":9}},"108":{"start":{"line":335,"column":23},"end":{"line":335,"column":33}},"109":{"start":{"line":336,"column":25},"end":{"line":338,"column":10}},"110":{"start":{"line":340,"column":25},"end":{"line":343,"column":10}},"111":{"start":{"line":345,"column":8},"end":{"line":345,"column":42}},"112":{"start":{"line":348,"column":6},"end":{"line":360,"column":9}},"113":{"start":{"line":349,"column":23},"end":{"line":349,"column":33}},"114":{"start":{"line":350,"column":25},"end":{"line":352,"column":10}},"115":{"start":{"line":354,"column":25},"end":{"line":357,"column":10}},"116":{"start":{"line":359,"column":8},"end":{"line":359,"column":42}},"117":{"start":{"line":364,"column":2},"end":{"line":419,"column":5}},"118":{"start":{"line":365,"column":4},"end":{"line":372,"column":7}},"119":{"start":{"line":366,"column":23},"end":{"line":369,"column":8}},"120":{"start":{"line":371,"column":6},"end":{"line":371,"column":40}},"121":{"start":{"line":374,"column":4},"end":{"line":381,"column":7}},"122":{"start":{"line":375,"column":23},"end":{"line":378,"column":8}},"123":{"start":{"line":380,"column":6},"end":{"line":380,"column":40}},"124":{"start":{"line":383,"column":4},"end":{"line":390,"column":7}},"125":{"start":{"line":384,"column":23},"end":{"line":387,"column":8}},"126":{"start":{"line":389,"column":6},"end":{"line":389,"column":40}},"127":{"start":{"line":392,"column":4},"end":{"line":399,"column":7}},"128":{"start":{"line":393,"column":23},"end":{"line":396,"column":8}},"129":{"start":{"line":398,"column":6},"end":{"line":398,"column":40}},"130":{"start":{"line":401,"column":4},"end":{"line":408,"column":7}},"131":{"start":{"line":402,"column":23},"end":{"line":405,"column":8}},"132":{"start":{"line":407,"column":6},"end":{"line":407,"column":40}},"133":{"start":{"line":410,"column":4},"end":{"line":418,"column":7}},"134":{"start":{"line":411,"column":23},"end":{"line":414,"column":8}},"135":{"start":{"line":416,"column":6},"end":{"line":416,"column":48}},"136":{"start":{"line":417,"column":6},"end":{"line":417,"column":60}},"137":{"start":{"line":421,"column":2},"end":{"line":439,"column":5}},"138":{"start":{"line":422,"column":4},"end":{"line":429,"column":7}},"139":{"start":{"line":423,"column":27},"end":{"line":423,"column":30}},"140":{"start":{"line":424,"column":20},"end":{"line":424,"column":23}},"141":{"start":{"line":426,"column":28},"end":{"line":426,"column":48}},"142":{"start":{"line":428,"column":6},"end":{"line":428,"column":39}},"143":{"start":{"line":431,"column":4},"end":{"line":438,"column":7}},"144":{"start":{"line":432,"column":23},"end":{"line":435,"column":8}},"145":{"start":{"line":437,"column":6},"end":{"line":437,"column":40}},"146":{"start":{"line":441,"column":2},"end":{"line":465,"column":5}},"147":{"start":{"line":442,"column":4},"end":{"line":448,"column":7}},"148":{"start":{"line":443,"column":23},"end":{"line":445,"column":8}},"149":{"start":{"line":447,"column":6},"end":{"line":447,"column":72}},"150":{"start":{"line":450,"column":4},"end":{"line":456,"column":7}},"151":{"start":{"line":451,"column":23},"end":{"line":451,"column":53}},"152":{"start":{"line":453,"column":6},"end":{"line":455,"column":9}},"153":{"start":{"line":454,"column":8},"end":{"line":454,"column":42}},"154":{"start":{"line":458,"column":4},"end":{"line":464,"column":7}},"155":{"start":{"line":459,"column":23},"end":{"line":461,"column":8}},"156":{"start":{"line":463,"column":6},"end":{"line":463,"column":47}}},"fnMap":{"0":{"name":"(anonymous_0)","decl":{"start":{"line":6,"column":26},"end":{"line":6,"column":29}},"loc":{"start":{"line":6,"column":31},"end":{"line":466,"column":1}}},"1":{"name":"(anonymous_1)","decl":{"start":{"line":9,"column":39},"end":{"line":9,"column":42}},"loc":{"start":{"line":9,"column":44},"end":{"line":119,"column":3}}},"2":{"name":"(anonymous_2)","decl":{"start":{"line":10,"column":40},"end":{"line":10,"column":43}},"loc":{"start":{"line":10,"column":45},"end":{"line":70,"column":5}}},"3":{"name":"(anonymous_3)","decl":{"start":{"line":11,"column":54},"end":{"line":11,"column":59}},"loc":{"start":{"line":11,"column":65},"end":{"line":27,"column":7}}},"4":{"name":"(anonymous_4)","decl":{"start":{"line":29,"column":41},"end":{"line":29,"column":46}},"loc":{"start":{"line":29,"column":52},"end":{"line":41,"column":7}}},"5":{"name":"(anonymous_5)","decl":{"start":{"line":43,"column":42},"end":{"line":43,"column":47}},"loc":{"start":{"line":43,"column":53},"end":{"line":55,"column":7}}},"6":{"name":"(anonymous_6)","decl":{"start":{"line":57,"column":46},"end":{"line":57,"column":51}},"loc":{"start":{"line":57,"column":57},"end":{"line":69,"column":7}}},"7":{"name":"(anonymous_7)","decl":{"start":{"line":72,"column":37},"end":{"line":72,"column":40}},"loc":{"start":{"line":72,"column":42},"end":{"line":118,"column":5}}},"8":{"name":"(anonymous_8)","decl":{"start":{"line":73,"column":54},"end":{"line":73,"column":59}},"loc":{"start":{"line":73,"column":65},"end":{"line":89,"column":7}}},"9":{"name":"(anonymous_9)","decl":{"start":{"line":91,"column":41},"end":{"line":91,"column":46}},"loc":{"start":{"line":91,"column":52},"end":{"line":103,"column":7}}},"10":{"name":"(anonymous_10)","decl":{"start":{"line":105,"column":44},"end":{"line":105,"column":49}},"loc":{"start":{"line":105,"column":55},"end":{"line":117,"column":7}}},"11":{"name":"(anonymous_11)","decl":{"start":{"line":121,"column":29},"end":{"line":121,"column":32}},"loc":{"start":{"line":121,"column":34},"end":{"line":362,"column":3}}},"12":{"name":"(anonymous_12)","decl":{"start":{"line":122,"column":32},"end":{"line":122,"column":35}},"loc":{"start":{"line":122,"column":37},"end":{"line":147,"column":5}}},"13":{"name":"(anonymous_13)","decl":{"start":{"line":123,"column":35},"end":{"line":123,"column":40}},"loc":{"start":{"line":123,"column":46},"end":{"line":137,"column":7}}},"14":{"name":"(anonymous_14)","decl":{"start":{"line":139,"column":42},"end":{"line":139,"column":47}},"loc":{"start":{"line":139,"column":53},"end":{"line":146,"column":7}}},"15":{"name":"(anonymous_15)","decl":{"start":{"line":149,"column":37},"end":{"line":149,"column":40}},"loc":{"start":{"line":149,"column":42},"end":{"line":193,"column":5}}},"16":{"name":"(anonymous_16)","decl":{"start":{"line":150,"column":54},"end":{"line":150,"column":59}},"loc":{"start":{"line":150,"column":65},"end":{"line":166,"column":7}}},"17":{"name":"(anonymous_17)","decl":{"start":{"line":168,"column":44},"end":{"line":168,"column":49}},"loc":{"start":{"line":168,"column":55},"end":{"line":179,"column":7}}},"18":{"name":"(anonymous_18)","decl":{"start":{"line":181,"column":44},"end":{"line":181,"column":49}},"loc":{"start":{"line":181,"column":55},"end":{"line":192,"column":7}}},"19":{"name":"(anonymous_19)","decl":{"start":{"line":195,"column":35},"end":{"line":195,"column":38}},"loc":{"start":{"line":195,"column":40},"end":{"line":233,"column":5}}},"20":{"name":"(anonymous_20)","decl":{"start":{"line":196,"column":37},"end":{"line":196,"column":42}},"loc":{"start":{"line":196,"column":48},"end":{"line":210,"column":7}}},"21":{"name":"(anonymous_21)","decl":{"start":{"line":212,"column":52},"end":{"line":212,"column":57}},"loc":{"start":{"line":212,"column":63},"end":{"line":221,"column":7}}},"22":{"name":"(anonymous_22)","decl":{"start":{"line":223,"column":39},"end":{"line":223,"column":44}},"loc":{"start":{"line":223,"column":50},"end":{"line":232,"column":7}}},"23":{"name":"(anonymous_23)","decl":{"start":{"line":235,"column":41},"end":{"line":235,"column":44}},"loc":{"start":{"line":235,"column":46},"end":{"line":299,"column":5}}},"24":{"name":"(anonymous_24)","decl":{"start":{"line":236,"column":38},"end":{"line":236,"column":43}},"loc":{"start":{"line":236,"column":49},"end":{"line":253,"column":7}}},"25":{"name":"(anonymous_25)","decl":{"start":{"line":255,"column":39},"end":{"line":255,"column":44}},"loc":{"start":{"line":255,"column":50},"end":{"line":268,"column":7}}},"26":{"name":"(anonymous_26)","decl":{"start":{"line":270,"column":43},"end":{"line":270,"column":48}},"loc":{"start":{"line":270,"column":54},"end":{"line":283,"column":7}}},"27":{"name":"(anonymous_27)","decl":{"start":{"line":285,"column":49},"end":{"line":285,"column":54}},"loc":{"start":{"line":285,"column":60},"end":{"line":298,"column":7}}},"28":{"name":"(anonymous_28)","decl":{"start":{"line":301,"column":45},"end":{"line":301,"column":48}},"loc":{"start":{"line":301,"column":50},"end":{"line":361,"column":5}}},"29":{"name":"(anonymous_29)","decl":{"start":{"line":302,"column":34},"end":{"line":302,"column":39}},"loc":{"start":{"line":302,"column":45},"end":{"line":318,"column":7}}},"30":{"name":"(anonymous_30)","decl":{"start":{"line":320,"column":48},"end":{"line":320,"column":53}},"loc":{"start":{"line":320,"column":59},"end":{"line":332,"column":7}}},"31":{"name":"(anonymous_31)","decl":{"start":{"line":334,"column":44},"end":{"line":334,"column":49}},"loc":{"start":{"line":334,"column":55},"end":{"line":346,"column":7}}},"32":{"name":"(anonymous_32)","decl":{"start":{"line":348,"column":48},"end":{"line":348,"column":53}},"loc":{"start":{"line":348,"column":59},"end":{"line":360,"column":7}}},"33":{"name":"(anonymous_33)","decl":{"start":{"line":364,"column":29},"end":{"line":364,"column":32}},"loc":{"start":{"line":364,"column":34},"end":{"line":419,"column":3}}},"34":{"name":"(anonymous_34)","decl":{"start":{"line":365,"column":44},"end":{"line":365,"column":49}},"loc":{"start":{"line":365,"column":55},"end":{"line":372,"column":5}}},"35":{"name":"(anonymous_35)","decl":{"start":{"line":374,"column":45},"end":{"line":374,"column":50}},"loc":{"start":{"line":374,"column":56},"end":{"line":381,"column":5}}},"36":{"name":"(anonymous_36)","decl":{"start":{"line":383,"column":42},"end":{"line":383,"column":47}},"loc":{"start":{"line":383,"column":53},"end":{"line":390,"column":5}}},"37":{"name":"(anonymous_37)","decl":{"start":{"line":392,"column":42},"end":{"line":392,"column":47}},"loc":{"start":{"line":392,"column":53},"end":{"line":399,"column":5}}},"38":{"name":"(anonymous_38)","decl":{"start":{"line":401,"column":45},"end":{"line":401,"column":50}},"loc":{"start":{"line":401,"column":56},"end":{"line":408,"column":5}}},"39":{"name":"(anonymous_39)","decl":{"start":{"line":410,"column":40},"end":{"line":410,"column":45}},"loc":{"start":{"line":410,"column":51},"end":{"line":418,"column":5}}},"40":{"name":"(anonymous_40)","decl":{"start":{"line":421,"column":28},"end":{"line":421,"column":31}},"loc":{"start":{"line":421,"column":33},"end":{"line":439,"column":3}}},"41":{"name":"(anonymous_41)","decl":{"start":{"line":422,"column":37},"end":{"line":422,"column":42}},"loc":{"start":{"line":422,"column":48},"end":{"line":429,"column":5}}},"42":{"name":"(anonymous_42)","decl":{"start":{"line":431,"column":46},"end":{"line":431,"column":51}},"loc":{"start":{"line":431,"column":57},"end":{"line":438,"column":5}}},"43":{"name":"(anonymous_43)","decl":{"start":{"line":441,"column":30},"end":{"line":441,"column":33}},"loc":{"start":{"line":441,"column":35},"end":{"line":465,"column":3}}},"44":{"name":"(anonymous_44)","decl":{"start":{"line":442,"column":39},"end":{"line":442,"column":44}},"loc":{"start":{"line":442,"column":50},"end":{"line":448,"column":5}}},"45":{"name":"(anonymous_45)","decl":{"start":{"line":450,"column":50},"end":{"line":450,"column":55}},"loc":{"start":{"line":450,"column":61},"end":{"line":456,"column":5}}},"46":{"name":"(anonymous_46)","decl":{"start":{"line":453,"column":23},"end":{"line":453,"column":24}},"loc":{"start":{"line":453,"column":34},"end":{"line":455,"column":7}}},"47":{"name":"(anonymous_47)","decl":{"start":{"line":458,"column":45},"end":{"line":458,"column":50}},"loc":{"start":{"line":458,"column":56},"end":{"line":464,"column":5}}}},"branchMap":{},"s":{"0":0,"1":0,"2":0,"3":0,"4":0,"5":0,"6":0,"7":0,"8":0,"9":0,"10":0,"11":0,"12":0,"13":0,"14":0,"15":0,"16":0,"17":0,"18":0,"19":0,"20":0,"21":0,"22":0,"23":0,"24":0,"25":0,"26":0,"27":0,"28":0,"29":0,"30":0,"31":0,"32":0,"33":0,"34":0,"35":0,"36":0,"37":0,"38":0,"39":0,"40":0,"41":0,"42":0,"43":0,"44":0,"45":0,"46":0,"47":0,"48":0,"49":0,"50":0,"51":0,"52":0,"53":0,"54":0,"55":0,"56":0,"57":0,"58":0,"59":0,"60":0,"61":0,"62":0,"63":0,"64":0,"65":0,"66":0,"67":0,"68":0,"69":0,"70":0,"71":0,"72":0,"73":0,"74":0,"75":0,"76":0,"77":0,"78":0,"79":0,"80":0,"81":0,"82":0,"83":0,"84":0,"85":0,"86":0,"87":0,"88":0,"89":0,"90":0,"91":0,"92":0,"93":0,"94":0,"95":0,"96":0,"97":0,"98":0,"99":0,"100":0,"101":0,"102":0,"103":0,"104":0,"105":0,"106":0,"107":0,"108":0,"109":0,"110":0,"111":0,"112":0,"113":0,"114":0,"115":0,"116":0,"117":0,"118":0,"119":0,"120":0,"121":0,"122":0,"123":0,"124":0,"125":0,"126":0,"127":0,"128":0,"129":0,"130":0,"131":0,"132":0,"133":0,"134":0,"135":0,"136":0,"137":0,"138":0,"139":0,"140":0,"141":0,"142":0,"143":0,"144":0,"145":0,"146":0,"147":0,"148":0,"149":0,"150":0,"151":0,"152":0,"153":0,"154":0,"155":0,"156":0},"f":{"0":0,"1":0,"2":0,"3":0,"4":0,"5":0,"6":0,"7":0,"8":0,"9":0,"10":0,"11":0,"12":0,"13":0,"14":0,"15":0,"16":0,"17":0,"18":0,"19":0,"20":0,"21":0,"22":0,"23":0,"24":0,"25":0,"26":0,"27":0,"28":0,"29":0,"30":0,"31":0,"32":0,"33":0,"34":0,"35":0,"36":0,"37":0,"38":0,"39":0,"40":0,"41":0,"42":0,"43":0,"44":0,"45":0,"46":0,"47":0},"b":{}}
,"C:\\Users\\LeroyJoiceDsouza\\Desktop\\Code Projects\\checkmate.uno\\backend\\src\\__tests__\\auth.service.test.ts": {"path":"C:\\Users\\LeroyJoiceDsouza\\Desktop\\Code Projects\\checkmate.uno\\backend\\src\\__tests__\\auth.service.test.ts","statementMap":{"0":{"start":{"line":8,"column":0},"end":{"line":176,"column":3}},"1":{"start":{"line":9,"column":2},"end":{"line":65,"column":5}},"2":{"start":{"line":10,"column":4},"end":{"line":26,"column":7}},"3":{"start":{"line":11,"column":22},"end":{"line":14,"column":8}},"4":{"start":{"line":16,"column":21},"end":{"line":20,"column":8}},"5":{"start":{"line":23,"column":6},"end":{"line":23,"column":38}},"6":{"start":{"line":24,"column":6},"end":{"line":24,"column":52}},"7":{"start":{"line":25,"column":6},"end":{"line":25,"column":41}},"8":{"start":{"line":28,"column":4},"end":{"line":35,"column":7}},"9":{"start":{"line":29,"column":23},"end":{"line":29,"column":37}},"10":{"start":{"line":30,"column":29},"end":{"line":30,"column":51}},"11":{"start":{"line":33,"column":6},"end":{"line":33,"column":48}},"12":{"start":{"line":34,"column":6},"end":{"line":34,"column":43}},"13":{"start":{"line":37,"column":4},"end":{"line":42,"column":7}},"14":{"start":{"line":38,"column":28},"end":{"line":38,"column":50}},"15":{"start":{"line":39,"column":27},"end":{"line":39,"column":31}},"16":{"start":{"line":41,"column":6},"end":{"line":41,"column":38}},"17":{"start":{"line":44,"column":4},"end":{"line":53,"column":7}},"18":{"start":{"line":45,"column":25},"end":{"line":45,"column":43}},"19":{"start":{"line":46,"column":27},"end":{"line":46,"column":42}},"20":{"start":{"line":48,"column":27},"end":{"line":48,"column":72}},"21":{"start":{"line":49,"column":28},"end":{"line":49,"column":75}},"22":{"start":{"line":51,"column":6},"end":{"line":51,"column":38}},"23":{"start":{"line":52,"column":6},"end":{"line":52,"column":40}},"24":{"start":{"line":55,"column":4},"end":{"line":64,"column":7}},"25":{"start":{"line":56,"column":29},"end":{"line":56,"column":43}},"26":{"start":{"line":57,"column":27},"end":{"line":57,"column":33}},"27":{"start":{"line":59,"column":31},"end":{"line":59,"column":57}},"28":{"start":{"line":60,"column":29},"end":{"line":60,"column":53}},"29":{"start":{"line":62,"column":6},"end":{"line":62,"column":42}},"30":{"start":{"line":63,"column":6},"end":{"line":63,"column":41}},"31":{"start":{"line":67,"column":2},"end":{"line":114,"column":5}},"32":{"start":{"line":68,"column":4},"end":{"line":76,"column":7}},"33":{"start":{"line":69,"column":33},"end":{"line":69,"column":55}},"34":{"start":{"line":70,"column":31},"end":{"line":70,"column":45}},"35":{"start":{"line":73,"column":28},"end":{"line":73,"column":32}},"36":{"start":{"line":75,"column":6},"end":{"line":75,"column":39}},"37":{"start":{"line":78,"column":4},"end":{"line":85,"column":7}},"38":{"start":{"line":79,"column":33},"end":{"line":79,"column":55}},"39":{"start":{"line":80,"column":31},"end":{"line":80,"column":46}},"40":{"start":{"line":82,"column":28},"end":{"line":82,"column":33}},"41":{"start":{"line":84,"column":6},"end":{"line":84,"column":40}},"42":{"start":{"line":87,"column":4},"end":{"line":93,"column":7}},"43":{"start":{"line":88,"column":19},"end":{"line":88,"column":57}},"44":{"start":{"line":89,"column":20},"end":{"line":89,"column":61}},"45":{"start":{"line":91,"column":6},"end":{"line":91,"column":34}},"46":{"start":{"line":92,"column":6},"end":{"line":92,"column":35}},"47":{"start":{"line":95,"column":4},"end":{"line":107,"column":7}},"48":{"start":{"line":96,"column":21},"end":{"line":102,"column":8}},"49":{"start":{"line":104,"column":6},"end":{"line":104,"column":40}},"50":{"start":{"line":105,"column":6},"end":{"line":105,"column":41}},"51":{"start":{"line":106,"column":6},"end":{"line":106,"column":57}},"52":{"start":{"line":109,"column":4},"end":{"line":113,"column":7}},"53":{"start":{"line":110,"column":25},"end":{"line":110,"column":30}},"54":{"start":{"line":112,"column":6},"end":{"line":112,"column":37}},"55":{"start":{"line":116,"column":2},"end":{"line":146,"column":5}},"56":{"start":{"line":117,"column":4},"end":{"line":124,"column":7}},"57":{"start":{"line":118,"column":22},"end":{"line":118,"column":60}},"58":{"start":{"line":119,"column":21},"end":{"line":119,"column":33}},"59":{"start":{"line":120,"column":20},"end":{"line":120,"column":36}},"60":{"start":{"line":122,"column":6},"end":{"line":122,"column":34}},"61":{"start":{"line":123,"column":6},"end":{"line":123,"column":42}},"62":{"start":{"line":126,"column":4},"end":{"line":131,"column":7}},"63":{"start":{"line":127,"column":20},"end":{"line":127,"column":36}},"64":{"start":{"line":128,"column":22},"end":{"line":128,"column":26}},"65":{"start":{"line":130,"column":6},"end":{"line":130,"column":33}},"66":{"start":{"line":133,"column":4},"end":{"line":138,"column":7}},"67":{"start":{"line":134,"column":27},"end":{"line":134,"column":42}},"68":{"start":{"line":135,"column":22},"end":{"line":135,"column":27}},"69":{"start":{"line":137,"column":6},"end":{"line":137,"column":34}},"70":{"start":{"line":140,"column":4},"end":{"line":145,"column":7}},"71":{"start":{"line":141,"column":27},"end":{"line":141,"column":46}},"72":{"start":{"line":142,"column":24},"end":{"line":142,"column":28}},"73":{"start":{"line":144,"column":6},"end":{"line":144,"column":35}},"74":{"start":{"line":148,"column":2},"end":{"line":175,"column":5}},"75":{"start":{"line":149,"column":4},"end":{"line":159,"column":7}},"76":{"start":{"line":150,"column":22},"end":{"line":154,"column":8}},"77":{"start":{"line":156,"column":6},"end":{"line":156,"column":39}},"78":{"start":{"line":157,"column":6},"end":{"line":157,"column":42}},"79":{"start":{"line":158,"column":6},"end":{"line":158,"column":53}},"80":{"start":{"line":161,"column":4},"end":{"line":166,"column":7}},"81":{"start":{"line":162,"column":20},"end":{"line":162,"column":36}},"82":{"start":{"line":163,"column":26},"end":{"line":163,"column":31}},"83":{"start":{"line":165,"column":6},"end":{"line":165,"column":38}},"84":{"start":{"line":168,"column":4},"end":{"line":174,"column":7}},"85":{"start":{"line":169,"column":40},"end":{"line":169,"column":56}},"86":{"start":{"line":171,"column":6},"end":{"line":171,"column":26}},"87":{"start":{"line":173,"column":6},"end":{"line":173,"column":38}}},"fnMap":{"0":{"name":"(anonymous_0)","decl":{"start":{"line":8,"column":24},"end":{"line":8,"column":27}},"loc":{"start":{"line":8,"column":29},"end":{"line":176,"column":1}}},"1":{"name":"(anonymous_1)","decl":{"start":{"line":9,"column":32},"end":{"line":9,"column":35}},"loc":{"start":{"line":9,"column":37},"end":{"line":65,"column":3}}},"2":{"name":"(anonymous_2)","decl":{"start":{"line":10,"column":50},"end":{"line":10,"column":55}},"loc":{"start":{"line":10,"column":61},"end":{"line":26,"column":5}}},"3":{"name":"(anonymous_3)","decl":{"start":{"line":28,"column":46},"end":{"line":28,"column":51}},"loc":{"start":{"line":28,"column":57},"end":{"line":35,"column":5}}},"4":{"name":"(anonymous_4)","decl":{"start":{"line":37,"column":57},"end":{"line":37,"column":62}},"loc":{"start":{"line":37,"column":68},"end":{"line":42,"column":5}}},"5":{"name":"(anonymous_5)","decl":{"start":{"line":44,"column":39},"end":{"line":44,"column":44}},"loc":{"start":{"line":44,"column":50},"end":{"line":53,"column":5}}},"6":{"name":"(anonymous_6)","decl":{"start":{"line":55,"column":44},"end":{"line":55,"column":49}},"loc":{"start":{"line":55,"column":55},"end":{"line":64,"column":5}}},"7":{"name":"(anonymous_7)","decl":{"start":{"line":67,"column":25},"end":{"line":67,"column":28}},"loc":{"start":{"line":67,"column":30},"end":{"line":114,"column":3}}},"8":{"name":"(anonymous_8)","decl":{"start":{"line":68,"column":58},"end":{"line":68,"column":63}},"loc":{"start":{"line":68,"column":69},"end":{"line":76,"column":5}}},"9":{"name":"(anonymous_9)","decl":{"start":{"line":78,"column":50},"end":{"line":78,"column":55}},"loc":{"start":{"line":78,"column":61},"end":{"line":85,"column":5}}},"10":{"name":"(anonymous_10)","decl":{"start":{"line":87,"column":56},"end":{"line":87,"column":61}},"loc":{"start":{"line":87,"column":67},"end":{"line":93,"column":5}}},"11":{"name":"(anonymous_11)","decl":{"start":{"line":95,"column":45},"end":{"line":95,"column":50}},"loc":{"start":{"line":95,"column":56},"end":{"line":107,"column":5}}},"12":{"name":"(anonymous_12)","decl":{"start":{"line":109,"column":42},"end":{"line":109,"column":47}},"loc":{"start":{"line":109,"column":53},"end":{"line":113,"column":5}}},"13":{"name":"(anonymous_13)","decl":{"start":{"line":116,"column":24},"end":{"line":116,"column":27}},"loc":{"start":{"line":116,"column":29},"end":{"line":146,"column":3}}},"14":{"name":"(anonymous_14)","decl":{"start":{"line":117,"column":40},"end":{"line":117,"column":43}},"loc":{"start":{"line":117,"column":45},"end":{"line":124,"column":5}}},"15":{"name":"(anonymous_15)","decl":{"start":{"line":126,"column":44},"end":{"line":126,"column":47}},"loc":{"start":{"line":126,"column":49},"end":{"line":131,"column":5}}},"16":{"name":"(anonymous_16)","decl":{"start":{"line":133,"column":42},"end":{"line":133,"column":45}},"loc":{"start":{"line":133,"column":47},"end":{"line":138,"column":5}}},"17":{"name":"(anonymous_17)","decl":{"start":{"line":140,"column":42},"end":{"line":140,"column":45}},"loc":{"start":{"line":140,"column":47},"end":{"line":145,"column":5}}},"18":{"name":"(anonymous_18)","decl":{"start":{"line":148,"column":27},"end":{"line":148,"column":30}},"loc":{"start":{"line":148,"column":32},"end":{"line":175,"column":3}}},"19":{"name":"(anonymous_19)","decl":{"start":{"line":149,"column":41},"end":{"line":149,"column":44}},"loc":{"start":{"line":149,"column":46},"end":{"line":159,"column":5}}},"20":{"name":"(anonymous_20)","decl":{"start":{"line":161,"column":47},"end":{"line":161,"column":50}},"loc":{"start":{"line":161,"column":52},"end":{"line":166,"column":5}}},"21":{"name":"(anonymous_21)","decl":{"start":{"line":168,"column":41},"end":{"line":168,"column":44}},"loc":{"start":{"line":168,"column":46},"end":{"line":174,"column":5}}}},"branchMap":{},"s":{"0":0,"1":0,"2":0,"3":0,"4":0,"5":0,"6":0,"7":0,"8":0,"9":0,"10":0,"11":0,"12":0,"13":0,"14":0,"15":0,"16":0,"17":0,"18":0,"19":0,"20":0,"21":0,"22":0,"23":0,"24":0,"25":0,"26":0,"27":0,"28":0,"29":0,"30":0,"31":0,"32":0,"33":0,"34":0,"35":0,"36":0,"37":0,"38":0,"39":0,"40":0,"41":0,"42":0,"43":0,"44":0,"45":0,"46":0,"47":0,"48":0,"49":0,"50":0,"51":0,"52":0,"53":0,"54":0,"55":0,"56":0,"57":0,"58":0,"59":0,"60":0,"61":0,"62":0,"63":0,"64":0,"65":0,"66":0,"67":0,"68":0,"69":0,"70":0,"71":0,"72":0,"73":0,"74":0,"75":0,"76":0,"77":0,"78":0,"79":0,"80":0,"81":0,"82":0,"83":0,"84":0,"85":0,"86":0,"87":0},"f":{"0":0,"1":0,"2":0,"3":0,"4":0,"5":0,"6":0,"7":0,"8":0,"9":0,"10":0,"11":0,"12":0,"13":0,"14":0,"15":0,"16":0,"17":0,"18":0,"19":0,"20":0,"21":0},"b":{}}
,"C:\\Users\\LeroyJoiceDsouza\\Desktop\\Code Projects\\checkmate.uno\\backend\\src\\__tests__\\games.service.test.ts": {"path":"C:\\Users\\LeroyJoiceDsouza\\Desktop\\Code Projects\\checkmate.uno\\backend\\src\\__tests__\\games.service.test.ts","statementMap":{"0":{"start":{"line":6,"column":0},"end":{"line":369,"column":3}},"1":{"start":{"line":7,"column":2},"end":{"line":46,"column":5}},"2":{"start":{"line":8,"column":4},"end":{"line":21,"column":7}},"3":{"start":{"line":9,"column":22},"end":{"line":16,"column":8}},"4":{"start":{"line":18,"column":6},"end":{"line":18,"column":39}},"5":{"start":{"line":19,"column":6},"end":{"line":19,"column":41}},"6":{"start":{"line":20,"column":6},"end":{"line":20,"column":44}},"7":{"start":{"line":23,"column":4},"end":{"line":28,"column":7}},"8":{"start":{"line":24,"column":23},"end":{"line":24,"column":37}},"9":{"start":{"line":26,"column":6},"end":{"line":26,"column":37}},"10":{"start":{"line":27,"column":6},"end":{"line":27,"column":49}},"11":{"start":{"line":30,"column":4},"end":{"line":37,"column":7}},"12":{"start":{"line":31,"column":26},"end":{"line":31,"column":84}},"13":{"start":{"line":32,"column":19},"end":{"line":34,"column":8}},"14":{"start":{"line":36,"column":6},"end":{"line":36,"column":49}},"15":{"start":{"line":39,"column":4},"end":{"line":45,"column":7}},"16":{"start":{"line":40,"column":19},"end":{"line":42,"column":8}},"17":{"start":{"line":44,"column":6},"end":{"line":44,"column":46}},"18":{"start":{"line":48,"column":2},"end":{"line":81,"column":5}},"19":{"start":{"line":49,"column":4},"end":{"line":55,"column":7}},"20":{"start":{"line":50,"column":19},"end":{"line":50,"column":56}},"21":{"start":{"line":51,"column":21},"end":{"line":51,"column":54}},"22":{"start":{"line":53,"column":6},"end":{"line":53,"column":36}},"23":{"start":{"line":54,"column":6},"end":{"line":54,"column":40}},"24":{"start":{"line":57,"column":4},"end":{"line":66,"column":7}},"25":{"start":{"line":58,"column":19},"end":{"line":61,"column":8}},"26":{"start":{"line":63,"column":21},"end":{"line":63,"column":45}},"27":{"start":{"line":65,"column":6},"end":{"line":65,"column":32}},"28":{"start":{"line":68,"column":4},"end":{"line":73,"column":7}},"29":{"start":{"line":69,"column":23},"end":{"line":69,"column":31}},"30":{"start":{"line":70,"column":25},"end":{"line":70,"column":29}},"31":{"start":{"line":72,"column":6},"end":{"line":72,"column":36}},"32":{"start":{"line":75,"column":4},"end":{"line":80,"column":7}},"33":{"start":{"line":76,"column":23},"end":{"line":76,"column":32}},"34":{"start":{"line":77,"column":25},"end":{"line":77,"column":30}},"35":{"start":{"line":79,"column":6},"end":{"line":79,"column":37}},"36":{"start":{"line":83,"column":2},"end":{"line":122,"column":5}},"37":{"start":{"line":84,"column":4},"end":{"line":89,"column":7}},"38":{"start":{"line":85,"column":19},"end":{"line":85,"column":43}},"39":{"start":{"line":86,"column":20},"end":{"line":86,"column":81}},"40":{"start":{"line":88,"column":6},"end":{"line":88,"column":37}},"41":{"start":{"line":91,"column":4},"end":{"line":96,"column":7}},"42":{"start":{"line":92,"column":19},"end":{"line":92,"column":43}},"43":{"start":{"line":93,"column":22},"end":{"line":93,"column":27}},"44":{"start":{"line":95,"column":6},"end":{"line":95,"column":34}},"45":{"start":{"line":98,"column":4},"end":{"line":104,"column":7}},"46":{"start":{"line":99,"column":26},"end":{"line":99,"column":84}},"47":{"start":{"line":100,"column":25},"end":{"line":100,"column":86}},"48":{"start":{"line":102,"column":6},"end":{"line":102,"column":47}},"49":{"start":{"line":103,"column":6},"end":{"line":103,"column":42}},"50":{"start":{"line":106,"column":4},"end":{"line":113,"column":7}},"51":{"start":{"line":107,"column":24},"end":{"line":107,"column":31}},"52":{"start":{"line":110,"column":6},"end":{"line":110,"column":28}},"53":{"start":{"line":112,"column":6},"end":{"line":112,"column":40}},"54":{"start":{"line":115,"column":4},"end":{"line":121,"column":7}},"55":{"start":{"line":116,"column":36},"end":{"line":116,"column":38}},"56":{"start":{"line":118,"column":6},"end":{"line":118,"column":32}},"57":{"start":{"line":120,"column":6},"end":{"line":120,"column":45}},"58":{"start":{"line":124,"column":2},"end":{"line":155,"column":5}},"59":{"start":{"line":125,"column":4},"end":{"line":132,"column":7}},"60":{"start":{"line":126,"column":26},"end":{"line":126,"column":27}},"61":{"start":{"line":129,"column":6},"end":{"line":129,"column":22}},"62":{"start":{"line":131,"column":6},"end":{"line":131,"column":36}},"63":{"start":{"line":134,"column":4},"end":{"line":141,"column":7}},"64":{"start":{"line":135,"column":26},"end":{"line":135,"column":27}},"65":{"start":{"line":138,"column":6},"end":{"line":138,"column":22}},"66":{"start":{"line":140,"column":6},"end":{"line":140,"column":36}},"67":{"start":{"line":143,"column":4},"end":{"line":154,"column":7}},"68":{"start":{"line":144,"column":26},"end":{"line":144,"column":27}},"69":{"start":{"line":146,"column":6},"end":{"line":146,"column":22}},"70":{"start":{"line":147,"column":6},"end":{"line":147,"column":36}},"71":{"start":{"line":149,"column":6},"end":{"line":149,"column":22}},"72":{"start":{"line":150,"column":6},"end":{"line":150,"column":36}},"73":{"start":{"line":152,"column":6},"end":{"line":152,"column":22}},"74":{"start":{"line":153,"column":6},"end":{"line":153,"column":36}},"75":{"start":{"line":157,"column":2},"end":{"line":228,"column":5}},"76":{"start":{"line":158,"column":4},"end":{"line":166,"column":7}},"77":{"start":{"line":159,"column":24},"end":{"line":163,"column":8}},"78":{"start":{"line":165,"column":6},"end":{"line":165,"column":48}},"79":{"start":{"line":168,"column":4},"end":{"line":174,"column":7}},"80":{"start":{"line":169,"column":22},"end":{"line":169,"column":23}},"81":{"start":{"line":171,"column":6},"end":{"line":171,"column":18}},"82":{"start":{"line":173,"column":6},"end":{"line":173,"column":32}},"83":{"start":{"line":176,"column":4},"end":{"line":190,"column":7}},"84":{"start":{"line":177,"column":19},"end":{"line":186,"column":8}},"85":{"start":{"line":188,"column":6},"end":{"line":188,"column":48}},"86":{"start":{"line":189,"column":6},"end":{"line":189,"column":56}},"87":{"start":{"line":192,"column":4},"end":{"line":205,"column":7}},"88":{"start":{"line":193,"column":19},"end":{"line":202,"column":8}},"89":{"start":{"line":204,"column":6},"end":{"line":204,"column":56}},"90":{"start":{"line":207,"column":4},"end":{"line":220,"column":7}},"91":{"start":{"line":208,"column":19},"end":{"line":217,"column":8}},"92":{"start":{"line":219,"column":6},"end":{"line":219,"column":60}},"93":{"start":{"line":222,"column":4},"end":{"line":227,"column":7}},"94":{"start":{"line":223,"column":23},"end":{"line":223,"column":37}},"95":{"start":{"line":224,"column":22},"end":{"line":224,"column":27}},"96":{"start":{"line":226,"column":6},"end":{"line":226,"column":34}},"97":{"start":{"line":230,"column":2},"end":{"line":263,"column":5}},"98":{"start":{"line":231,"column":4},"end":{"line":240,"column":7}},"99":{"start":{"line":232,"column":24},"end":{"line":235,"column":8}},"100":{"start":{"line":237,"column":26},"end":{"line":237,"column":71}},"101":{"start":{"line":239,"column":6},"end":{"line":239,"column":37}},"102":{"start":{"line":242,"column":4},"end":{"line":250,"column":7}},"103":{"start":{"line":243,"column":19},"end":{"line":246,"column":8}},"104":{"start":{"line":248,"column":6},"end":{"line":248,"column":44}},"105":{"start":{"line":249,"column":6},"end":{"line":249,"column":40}},"106":{"start":{"line":252,"column":4},"end":{"line":262,"column":7}},"107":{"start":{"line":253,"column":24},"end":{"line":256,"column":8}},"108":{"start":{"line":258,"column":26},"end":{"line":258,"column":71}},"109":{"start":{"line":259,"column":23},"end":{"line":259,"column":34}},"110":{"start":{"line":261,"column":6},"end":{"line":261,"column":35}},"111":{"start":{"line":265,"column":2},"end":{"line":302,"column":5}},"112":{"start":{"line":266,"column":4},"end":{"line":270,"column":7}},"113":{"start":{"line":267,"column":20},"end":{"line":267,"column":47}},"114":{"start":{"line":269,"column":6},"end":{"line":269,"column":35}},"115":{"start":{"line":272,"column":4},"end":{"line":278,"column":7}},"116":{"start":{"line":273,"column":24},"end":{"line":273,"column":55}},"117":{"start":{"line":274,"column":22},"end":{"line":274,"column":53}},"118":{"start":{"line":275,"column":23},"end":{"line":275,"column":71}},"119":{"start":{"line":277,"column":6},"end":{"line":277,"column":33}},"120":{"start":{"line":280,"column":4},"end":{"line":288,"column":7}},"121":{"start":{"line":281,"column":22},"end":{"line":281,"column":23}},"122":{"start":{"line":283,"column":6},"end":{"line":283,"column":18}},"123":{"start":{"line":284,"column":6},"end":{"line":284,"column":18}},"124":{"start":{"line":285,"column":6},"end":{"line":285,"column":18}},"125":{"start":{"line":287,"column":6},"end":{"line":287,"column":32}},"126":{"start":{"line":290,"column":4},"end":{"line":301,"column":7}},"127":{"start":{"line":291,"column":24},"end":{"line":297,"column":8}},"128":{"start":{"line":299,"column":6},"end":{"line":299,"column":43}},"129":{"start":{"line":300,"column":6},"end":{"line":300,"column":42}},"130":{"start":{"line":304,"column":2},"end":{"line":342,"column":5}},"131":{"start":{"line":305,"column":4},"end":{"line":314,"column":7}},"132":{"start":{"line":306,"column":19},"end":{"line":310,"column":8}},"133":{"start":{"line":312,"column":6},"end":{"line":312,"column":38}},"134":{"start":{"line":313,"column":6},"end":{"line":313,"column":42}},"135":{"start":{"line":316,"column":4},"end":{"line":321,"column":7}},"136":{"start":{"line":317,"column":23},"end":{"line":317,"column":37}},"137":{"start":{"line":318,"column":25},"end":{"line":318,"column":29}},"138":{"start":{"line":320,"column":6},"end":{"line":320,"column":36}},"139":{"start":{"line":323,"column":4},"end":{"line":328,"column":7}},"140":{"start":{"line":324,"column":23},"end":{"line":324,"column":32}},"141":{"start":{"line":325,"column":25},"end":{"line":325,"column":30}},"142":{"start":{"line":327,"column":6},"end":{"line":327,"column":37}},"143":{"start":{"line":330,"column":4},"end":{"line":341,"column":7}},"144":{"start":{"line":331,"column":19},"end":{"line":335,"column":8}},"145":{"start":{"line":337,"column":21},"end":{"line":337,"column":46}},"146":{"start":{"line":339,"column":6},"end":{"line":339,"column":32}},"147":{"start":{"line":340,"column":6},"end":{"line":340,"column":46}},"148":{"start":{"line":344,"column":2},"end":{"line":368,"column":5}},"149":{"start":{"line":345,"column":4},"end":{"line":350,"column":7}},"150":{"start":{"line":346,"column":19},"end":{"line":346,"column":43}},"151":{"start":{"line":347,"column":26},"end":{"line":347,"column":30}},"152":{"start":{"line":349,"column":6},"end":{"line":349,"column":37}},"153":{"start":{"line":352,"column":4},"end":{"line":357,"column":7}},"154":{"start":{"line":353,"column":25},"end":{"line":353,"column":86}},"155":{"start":{"line":354,"column":30},"end":{"line":354,"column":34}},"156":{"start":{"line":356,"column":6},"end":{"line":356,"column":41}},"157":{"start":{"line":359,"column":4},"end":{"line":367,"column":7}},"158":{"start":{"line":360,"column":24},"end":{"line":364,"column":8}},"159":{"start":{"line":366,"column":6},"end":{"line":366,"column":47}}},"fnMap":{"0":{"name":"(anonymous_0)","decl":{"start":{"line":6,"column":25},"end":{"line":6,"column":28}},"loc":{"start":{"line":6,"column":30},"end":{"line":369,"column":1}}},"1":{"name":"(anonymous_1)","decl":{"start":{"line":7,"column":28},"end":{"line":7,"column":31}},"loc":{"start":{"line":7,"column":33},"end":{"line":46,"column":3}}},"2":{"name":"(anonymous_2)","decl":{"start":{"line":8,"column":35},"end":{"line":8,"column":38}},"loc":{"start":{"line":8,"column":40},"end":{"line":21,"column":5}}},"3":{"name":"(anonymous_3)","decl":{"start":{"line":23,"column":60},"end":{"line":23,"column":63}},"loc":{"start":{"line":23,"column":65},"end":{"line":28,"column":5}}},"4":{"name":"(anonymous_4)","decl":{"start":{"line":30,"column":51},"end":{"line":30,"column":54}},"loc":{"start":{"line":30,"column":56},"end":{"line":37,"column":5}}},"5":{"name":"(anonymous_5)","decl":{"start":{"line":39,"column":43},"end":{"line":39,"column":46}},"loc":{"start":{"line":39,"column":48},"end":{"line":45,"column":5}}},"6":{"name":"(anonymous_6)","decl":{"start":{"line":48,"column":27},"end":{"line":48,"column":30}},"loc":{"start":{"line":48,"column":32},"end":{"line":81,"column":3}}},"7":{"name":"(anonymous_7)","decl":{"start":{"line":49,"column":52},"end":{"line":49,"column":55}},"loc":{"start":{"line":49,"column":57},"end":{"line":55,"column":5}}},"8":{"name":"(anonymous_8)","decl":{"start":{"line":57,"column":48},"end":{"line":57,"column":51}},"loc":{"start":{"line":57,"column":53},"end":{"line":66,"column":5}}},"9":{"name":"(anonymous_9)","decl":{"start":{"line":68,"column":43},"end":{"line":68,"column":46}},"loc":{"start":{"line":68,"column":48},"end":{"line":73,"column":5}}},"10":{"name":"(anonymous_10)","decl":{"start":{"line":75,"column":42},"end":{"line":75,"column":45}},"loc":{"start":{"line":75,"column":47},"end":{"line":80,"column":5}}},"11":{"name":"(anonymous_11)","decl":{"start":{"line":83,"column":29},"end":{"line":83,"column":32}},"loc":{"start":{"line":83,"column":34},"end":{"line":122,"column":3}}},"12":{"name":"(anonymous_12)","decl":{"start":{"line":84,"column":36},"end":{"line":84,"column":39}},"loc":{"start":{"line":84,"column":41},"end":{"line":89,"column":5}}},"13":{"name":"(anonymous_13)","decl":{"start":{"line":91,"column":37},"end":{"line":91,"column":40}},"loc":{"start":{"line":91,"column":42},"end":{"line":96,"column":5}}},"14":{"name":"(anonymous_14)","decl":{"start":{"line":98,"column":47},"end":{"line":98,"column":50}},"loc":{"start":{"line":98,"column":52},"end":{"line":104,"column":5}}},"15":{"name":"(anonymous_15)","decl":{"start":{"line":106,"column":43},"end":{"line":106,"column":46}},"loc":{"start":{"line":106,"column":48},"end":{"line":113,"column":5}}},"16":{"name":"(anonymous_16)","decl":{"start":{"line":115,"column":45},"end":{"line":115,"column":48}},"loc":{"start":{"line":115,"column":50},"end":{"line":121,"column":5}}},"17":{"name":"(anonymous_17)","decl":{"start":{"line":124,"column":31},"end":{"line":124,"column":34}},"loc":{"start":{"line":124,"column":36},"end":{"line":155,"column":3}}},"18":{"name":"(anonymous_18)","decl":{"start":{"line":125,"column":45},"end":{"line":125,"column":48}},"loc":{"start":{"line":125,"column":50},"end":{"line":132,"column":5}}},"19":{"name":"(anonymous_19)","decl":{"start":{"line":134,"column":45},"end":{"line":134,"column":48}},"loc":{"start":{"line":134,"column":50},"end":{"line":141,"column":5}}},"20":{"name":"(anonymous_20)","decl":{"start":{"line":143,"column":54},"end":{"line":143,"column":57}},"loc":{"start":{"line":143,"column":59},"end":{"line":154,"column":5}}},"21":{"name":"(anonymous_21)","decl":{"start":{"line":157,"column":25},"end":{"line":157,"column":28}},"loc":{"start":{"line":157,"column":30},"end":{"line":228,"column":3}}},"22":{"name":"(anonymous_22)","decl":{"start":{"line":158,"column":36},"end":{"line":158,"column":39}},"loc":{"start":{"line":158,"column":41},"end":{"line":166,"column":5}}},"23":{"name":"(anonymous_23)","decl":{"start":{"line":168,"column":38},"end":{"line":168,"column":41}},"loc":{"start":{"line":168,"column":43},"end":{"line":174,"column":5}}},"24":{"name":"(anonymous_24)","decl":{"start":{"line":176,"column":37},"end":{"line":176,"column":40}},"loc":{"start":{"line":176,"column":42},"end":{"line":190,"column":5}}},"25":{"name":"(anonymous_25)","decl":{"start":{"line":192,"column":37},"end":{"line":192,"column":40}},"loc":{"start":{"line":192,"column":42},"end":{"line":205,"column":5}}},"26":{"name":"(anonymous_26)","decl":{"start":{"line":207,"column":41},"end":{"line":207,"column":44}},"loc":{"start":{"line":207,"column":46},"end":{"line":220,"column":5}}},"27":{"name":"(anonymous_27)","decl":{"start":{"line":222,"column":42},"end":{"line":222,"column":45}},"loc":{"start":{"line":222,"column":47},"end":{"line":227,"column":5}}},"28":{"name":"(anonymous_28)","decl":{"start":{"line":230,"column":34},"end":{"line":230,"column":37}},"loc":{"start":{"line":230,"column":39},"end":{"line":263,"column":3}}},"29":{"name":"(anonymous_29)","decl":{"start":{"line":231,"column":34},"end":{"line":231,"column":37}},"loc":{"start":{"line":231,"column":39},"end":{"line":240,"column":5}}},"30":{"name":"(anonymous_30)","decl":{"start":{"line":242,"column":39},"end":{"line":242,"column":42}},"loc":{"start":{"line":242,"column":44},"end":{"line":250,"column":5}}},"31":{"name":"(anonymous_31)","decl":{"start":{"line":252,"column":46},"end":{"line":252,"column":49}},"loc":{"start":{"line":252,"column":51},"end":{"line":262,"column":5}}},"32":{"name":"(anonymous_32)","decl":{"start":{"line":265,"column":30},"end":{"line":265,"column":33}},"loc":{"start":{"line":265,"column":35},"end":{"line":302,"column":3}}},"33":{"name":"(anonymous_33)","decl":{"start":{"line":266,"column":34},"end":{"line":266,"column":37}},"loc":{"start":{"line":266,"column":39},"end":{"line":270,"column":5}}},"34":{"name":"(anonymous_34)","decl":{"start":{"line":272,"column":37},"end":{"line":272,"column":40}},"loc":{"start":{"line":272,"column":42},"end":{"line":278,"column":5}}},"35":{"name":"(anonymous_35)","decl":{"start":{"line":280,"column":34},"end":{"line":280,"column":37}},"loc":{"start":{"line":280,"column":39},"end":{"line":288,"column":5}}},"36":{"name":"(anonymous_36)","decl":{"start":{"line":290,"column":38},"end":{"line":290,"column":41}},"loc":{"start":{"line":290,"column":43},"end":{"line":301,"column":5}}},"37":{"name":"(anonymous_37)","decl":{"start":{"line":304,"column":30},"end":{"line":304,"column":33}},"loc":{"start":{"line":304,"column":35},"end":{"line":342,"column":3}}},"38":{"name":"(anonymous_38)","decl":{"start":{"line":305,"column":46},"end":{"line":305,"column":49}},"loc":{"start":{"line":305,"column":51},"end":{"line":314,"column":5}}},"39":{"name":"(anonymous_39)","decl":{"start":{"line":316,"column":49},"end":{"line":316,"column":52}},"loc":{"start":{"line":316,"column":54},"end":{"line":321,"column":5}}},"40":{"name":"(anonymous_40)","decl":{"start":{"line":323,"column":52},"end":{"line":323,"column":55}},"loc":{"start":{"line":323,"column":57},"end":{"line":328,"column":5}}},"41":{"name":"(anonymous_41)","decl":{"start":{"line":330,"column":51},"end":{"line":330,"column":54}},"loc":{"start":{"line":330,"column":56},"end":{"line":341,"column":5}}},"42":{"name":"(anonymous_42)","decl":{"start":{"line":344,"column":40},"end":{"line":344,"column":43}},"loc":{"start":{"line":344,"column":45},"end":{"line":368,"column":3}}},"43":{"name":"(anonymous_43)","decl":{"start":{"line":345,"column":47},"end":{"line":345,"column":50}},"loc":{"start":{"line":345,"column":52},"end":{"line":350,"column":5}}},"44":{"name":"(anonymous_44)","decl":{"start":{"line":352,"column":47},"end":{"line":352,"column":50}},"loc":{"start":{"line":352,"column":52},"end":{"line":357,"column":5}}},"45":{"name":"(anonymous_45)","decl":{"start":{"line":359,"column":46},"end":{"line":359,"column":49}},"loc":{"start":{"line":359,"column":51},"end":{"line":367,"column":5}}}},"branchMap":{"0":{"loc":{"start":{"line":237,"column":26},"end":{"line":237,"column":71}},"type":"binary-expr","locations":[{"start":{"line":237,"column":26},"end":{"line":237,"column":43}},{"start":{"line":237,"column":47},"end":{"line":237,"column":71}}]},"1":{"loc":{"start":{"line":258,"column":26},"end":{"line":258,"column":71}},"type":"binary-expr","locations":[{"start":{"line":258,"column":26},"end":{"line":258,"column":43}},{"start":{"line":258,"column":47},"end":{"line":258,"column":71}}]}},"s":{"0":0,"1":0,"2":0,"3":0,"4":0,"5":0,"6":0,"7":0,"8":0,"9":0,"10":0,"11":0,"12":0,"13":0,"14":0,"15":0,"16":0,"17":0,"18":0,"19":0,"20":0,"21":0,"22":0,"23":0,"24":0,"25":0,"26":0,"27":0,"28":0,"29":0,"30":0,"31":0,"32":0,"33":0,"34":0,"35":0,"36":0,"37":0,"38":0,"39":0,"40":0,"41":0,"42":0,"43":0,"44":0,"45":0,"46":0,"47":0,"48":0,"49":0,"50":0,"51":0,"52":0,"53":0,"54":0,"55":0,"56":0,"57":0,"58":0,"59":0,"60":0,"61":0,"62":0,"63":0,"64":0,"65":0,"66":0,"67":0,"68":0,"69":0,"70":0,"71":0,"72":0,"73":0,"74":0,"75":0,"76":0,"77":0,"78":0,"79":0,"80":0,"81":0,"82":0,"83":0,"84":0,"85":0,"86":0,"87":0,"88":0,"89":0,"90":0,"91":0,"92":0,"93":0,"94":0,"95":0,"96":0,"97":0,"98":0,"99":0,"100":0,"101":0,"102":0,"103":0,"104":0,"105":0,"106":0,"107":0,"108":0,"109":0,"110":0,"111":0,"112":0,"113":0,"114":0,"115":0,"116":0,"117":0,"118":0,"119":0,"120":0,"121":0,"122":0,"123":0,"124":0,"125":0,"126":0,"127":0,"128":0,"129":0,"130":0,"131":0,"132":0,"133":0,"134":0,"135":0,"136":0,"137":0,"138":0,"139":0,"140":0,"141":0,"142":0,"143":0,"144":0,"145":0,"146":0,"147":0,"148":0,"149":0,"150":0,"151":0,"152":0,"153":0,"154":0,"155":0,"156":0,"157":0,"158":0,"159":0},"f":{"0":0,"1":0,"2":0,"3":0,"4":0,"5":0,"6":0,"7":0,"8":0,"9":0,"10":0,"11":0,"12":0,"13":0,"14":0,"15":0,"16":0,"17":0,"18":0,"19":0,"20":0,"21":0,"22":0,"23":0,"24":0,"25":0,"26":0,"27":0,"28":0,"29":0,"30":0,"31":0,"32":0,"33":0,"34":0,"35":0,"36":0,"37":0,"38":0,"39":0,"40":0,"41":0,"42":0,"43":0,"44":0,"45":0},"b":{"0":[0,0],"1":[0,0]}}
,"C:\\Users\\LeroyJoiceDsouza\\Desktop\\Code Projects\\checkmate.uno\\backend\\src\\__tests__\\websocket.test.ts": {"path":"C:\\Users\\LeroyJoiceDsouza\\Desktop\\Code Projects\\checkmate.uno\\backend\\src\\__tests__\\websocket.test.ts","statementMap":{"0":{"start":{"line":6,"column":0},"end":{"line":361,"column":3}},"1":{"start":{"line":7,"column":2},"end":{"line":54,"column":5}},"2":{"start":{"line":8,"column":4},"end":{"line":12,"column":7}},"3":{"start":{"line":9,"column":26},"end":{"line":9,"column":30}},"4":{"start":{"line":11,"column":6},"end":{"line":11,"column":37}},"5":{"start":{"line":14,"column":4},"end":{"line":19,"column":7}},"6":{"start":{"line":15,"column":24},"end":{"line":15,"column":40}},"7":{"start":{"line":16,"column":30},"end":{"line":16,"column":41}},"8":{"start":{"line":18,"column":6},"end":{"line":18,"column":41}},"9":{"start":{"line":21,"column":4},"end":{"line":25,"column":7}},"10":{"start":{"line":22,"column":30},"end":{"line":22,"column":60}},"11":{"start":{"line":24,"column":6},"end":{"line":24,"column":44}},"12":{"start":{"line":27,"column":4},"end":{"line":32,"column":7}},"13":{"start":{"line":28,"column":27},"end":{"line":28,"column":31}},"14":{"start":{"line":29,"column":30},"end":{"line":29,"column":42}},"15":{"start":{"line":31,"column":6},"end":{"line":31,"column":41}},"16":{"start":{"line":34,"column":4},"end":{"line":38,"column":7}},"17":{"start":{"line":35,"column":32},"end":{"line":35,"column":37}},"18":{"start":{"line":37,"column":6},"end":{"line":37,"column":51}},"19":{"start":{"line":40,"column":4},"end":{"line":47,"column":7}},"20":{"start":{"line":41,"column":27},"end":{"line":41,"column":33}},"21":{"start":{"line":42,"column":31},"end":{"line":42,"column":37}},"22":{"start":{"line":44,"column":28},"end":{"line":44,"column":60}},"23":{"start":{"line":46,"column":6},"end":{"line":46,"column":39}},"24":{"start":{"line":49,"column":4},"end":{"line":53,"column":7}},"25":{"start":{"line":50,"column":26},"end":{"line":50,"column":62}},"26":{"start":{"line":52,"column":6},"end":{"line":52,"column":41}},"27":{"start":{"line":56,"column":2},"end":{"line":138,"column":5}},"28":{"start":{"line":57,"column":4},"end":{"line":66,"column":7}},"29":{"start":{"line":58,"column":24},"end":{"line":63,"column":8}},"30":{"start":{"line":65,"column":6},"end":{"line":65,"column":42}},"31":{"start":{"line":68,"column":4},"end":{"line":77,"column":7}},"32":{"start":{"line":69,"column":24},"end":{"line":74,"column":8}},"33":{"start":{"line":76,"column":6},"end":{"line":76,"column":47}},"34":{"start":{"line":79,"column":4},"end":{"line":87,"column":7}},"35":{"start":{"line":80,"column":28},"end":{"line":84,"column":8}},"36":{"start":{"line":86,"column":6},"end":{"line":86,"column":51}},"37":{"start":{"line":89,"column":4},"end":{"line":97,"column":7}},"38":{"start":{"line":90,"column":24},"end":{"line":94,"column":8}},"39":{"start":{"line":96,"column":6},"end":{"line":96,"column":50}},"40":{"start":{"line":99,"column":4},"end":{"line":107,"column":7}},"41":{"start":{"line":100,"column":27},"end":{"line":104,"column":8}},"42":{"start":{"line":106,"column":6},"end":{"line":106,"column":48}},"43":{"start":{"line":109,"column":4},"end":{"line":117,"column":7}},"44":{"start":{"line":110,"column":29},"end":{"line":114,"column":8}},"45":{"start":{"line":116,"column":6},"end":{"line":116,"column":52}},"46":{"start":{"line":119,"column":4},"end":{"line":127,"column":7}},"47":{"start":{"line":120,"column":24},"end":{"line":124,"column":8}},"48":{"start":{"line":126,"column":6},"end":{"line":126,"column":51}},"49":{"start":{"line":129,"column":4},"end":{"line":137,"column":7}},"50":{"start":{"line":130,"column":30},"end":{"line":134,"column":8}},"51":{"start":{"line":136,"column":6},"end":{"line":136,"column":63}},"52":{"start":{"line":140,"column":2},"end":{"line":177,"column":5}},"53":{"start":{"line":141,"column":4},"end":{"line":146,"column":7}},"54":{"start":{"line":142,"column":19},"end":{"line":142,"column":43}},"55":{"start":{"line":143,"column":25},"end":{"line":143,"column":49}},"56":{"start":{"line":145,"column":6},"end":{"line":145,"column":40}},"57":{"start":{"line":148,"column":4},"end":{"line":153,"column":7}},"58":{"start":{"line":149,"column":24},"end":{"line":149,"column":68}},"59":{"start":{"line":150,"column":24},"end":{"line":150,"column":34}},"60":{"start":{"line":152,"column":6},"end":{"line":152,"column":38}},"61":{"start":{"line":155,"column":4},"end":{"line":160,"column":7}},"62":{"start":{"line":156,"column":22},"end":{"line":156,"column":44}},"63":{"start":{"line":157,"column":25},"end":{"line":157,"column":49}},"64":{"start":{"line":159,"column":6},"end":{"line":159,"column":51}},"65":{"start":{"line":162,"column":4},"end":{"line":167,"column":7}},"66":{"start":{"line":163,"column":21},"end":{"line":163,"column":31}},"67":{"start":{"line":164,"column":25},"end":{"line":164,"column":55}},"68":{"start":{"line":166,"column":6},"end":{"line":166,"column":58}},"69":{"start":{"line":169,"column":4},"end":{"line":176,"column":7}},"70":{"start":{"line":170,"column":32},"end":{"line":170,"column":44}},"71":{"start":{"line":171,"column":33},"end":{"line":171,"column":43}},"72":{"start":{"line":173,"column":30},"end":{"line":173,"column":76}},"73":{"start":{"line":175,"column":6},"end":{"line":175,"column":42}},"74":{"start":{"line":179,"column":2},"end":{"line":226,"column":5}},"75":{"start":{"line":180,"column":4},"end":{"line":185,"column":7}},"76":{"start":{"line":181,"column":31},"end":{"line":181,"column":92}},"77":{"start":{"line":182,"column":33},"end":{"line":182,"column":94}},"78":{"start":{"line":184,"column":6},"end":{"line":184,"column":59}},"79":{"start":{"line":187,"column":4},"end":{"line":192,"column":7}},"80":{"start":{"line":188,"column":26},"end":{"line":188,"column":44}},"81":{"start":{"line":189,"column":28},"end":{"line":189,"column":46}},"82":{"start":{"line":191,"column":6},"end":{"line":191,"column":49}},"83":{"start":{"line":194,"column":4},"end":{"line":199,"column":7}},"84":{"start":{"line":195,"column":29},"end":{"line":195,"column":51}},"85":{"start":{"line":196,"column":31},"end":{"line":196,"column":53}},"86":{"start":{"line":198,"column":6},"end":{"line":198,"column":55}},"87":{"start":{"line":201,"column":4},"end":{"line":213,"column":7}},"88":{"start":{"line":202,"column":24},"end":{"line":205,"column":8}},"89":{"start":{"line":207,"column":25},"end":{"line":210,"column":8}},"90":{"start":{"line":212,"column":6},"end":{"line":212,"column":61}},"91":{"start":{"line":215,"column":4},"end":{"line":225,"column":7}},"92":{"start":{"line":216,"column":21},"end":{"line":220,"column":8}},"93":{"start":{"line":222,"column":23},"end":{"line":222,"column":96}},"94":{"start":{"line":222,"column":46},"end":{"line":222,"column":95}},"95":{"start":{"line":224,"column":6},"end":{"line":224,"column":34}},"96":{"start":{"line":228,"column":2},"end":{"line":278,"column":5}},"97":{"start":{"line":229,"column":4},"end":{"line":234,"column":7}},"98":{"start":{"line":230,"column":29},"end":{"line":230,"column":31}},"99":{"start":{"line":231,"column":25},"end":{"line":231,"column":29}},"100":{"start":{"line":233,"column":6},"end":{"line":233,"column":54}},"101":{"start":{"line":236,"column":4},"end":{"line":248,"column":7}},"102":{"start":{"line":237,"column":23},"end":{"line":241,"column":8}},"103":{"start":{"line":243,"column":21},"end":{"line":243,"column":59}},"104":{"start":{"line":243,"column":45},"end":{"line":243,"column":58}},"105":{"start":{"line":245,"column":6},"end":{"line":245,"column":36}},"106":{"start":{"line":246,"column":6},"end":{"line":246,"column":36}},"107":{"start":{"line":247,"column":6},"end":{"line":247,"column":36}},"108":{"start":{"line":250,"column":4},"end":{"line":259,"column":7}},"109":{"start":{"line":251,"column":23},"end":{"line":254,"column":8}},"110":{"start":{"line":256,"column":21},"end":{"line":256,"column":81}},"111":{"start":{"line":256,"column":60},"end":{"line":256,"column":69}},"112":{"start":{"line":258,"column":6},"end":{"line":258,"column":36}},"113":{"start":{"line":261,"column":4},"end":{"line":266,"column":7}},"114":{"start":{"line":262,"column":24},"end":{"line":262,"column":33}},"115":{"start":{"line":263,"column":26},"end":{"line":263,"column":30}},"116":{"start":{"line":265,"column":6},"end":{"line":265,"column":37}},"117":{"start":{"line":268,"column":4},"end":{"line":277,"column":7}},"118":{"start":{"line":269,"column":25},"end":{"line":269,"column":26}},"119":{"start":{"line":270,"column":20},"end":{"line":270,"column":21}},"120":{"start":{"line":272,"column":6},"end":{"line":274,"column":7}},"121":{"start":{"line":273,"column":8},"end":{"line":273,"column":18}},"122":{"start":{"line":276,"column":6},"end":{"line":276,"column":30}},"123":{"start":{"line":280,"column":2},"end":{"line":321,"column":5}},"124":{"start":{"line":281,"column":4},"end":{"line":285,"column":7}},"125":{"start":{"line":282,"column":31},"end":{"line":282,"column":33}},"126":{"start":{"line":284,"column":6},"end":{"line":284,"column":50}},"127":{"start":{"line":287,"column":4},"end":{"line":297,"column":7}},"128":{"start":{"line":288,"column":21},"end":{"line":292,"column":8}},"129":{"start":{"line":294,"column":24},"end":{"line":294,"column":37}},"130":{"start":{"line":296,"column":6},"end":{"line":296,"column":43}},"131":{"start":{"line":299,"column":4},"end":{"line":306,"column":7}},"132":{"start":{"line":300,"column":27},"end":{"line":300,"column":32}},"133":{"start":{"line":301,"column":29},"end":{"line":301,"column":33}},"134":{"start":{"line":303,"column":31},"end":{"line":303,"column":60}},"135":{"start":{"line":305,"column":6},"end":{"line":305,"column":47}},"136":{"start":{"line":308,"column":4},"end":{"line":313,"column":7}},"137":{"start":{"line":309,"column":26},"end":{"line":309,"column":30}},"138":{"start":{"line":310,"column":22},"end":{"line":310,"column":29}},"139":{"start":{"line":312,"column":6},"end":{"line":312,"column":48}},"140":{"start":{"line":315,"column":4},"end":{"line":320,"column":7}},"141":{"start":{"line":316,"column":24},"end":{"line":316,"column":26}},"142":{"start":{"line":317,"column":23},"end":{"line":317,"column":26}},"143":{"start":{"line":319,"column":6},"end":{"line":319,"column":47}},"144":{"start":{"line":323,"column":2},"end":{"line":360,"column":5}},"145":{"start":{"line":324,"column":4},"end":{"line":328,"column":7}},"146":{"start":{"line":325,"column":22},"end":{"line":325,"column":50}},"147":{"start":{"line":327,"column":6},"end":{"line":327,"column":36}},"148":{"start":{"line":330,"column":4},"end":{"line":336,"column":7}},"149":{"start":{"line":331,"column":29},"end":{"line":331,"column":49}},"150":{"start":{"line":333,"column":25},"end":{"line":333,"column":57}},"151":{"start":{"line":333,"column":31},"end":{"line":333,"column":57}},"152":{"start":{"line":335,"column":6},"end":{"line":335,"column":35}},"153":{"start":{"line":338,"column":4},"end":{"line":343,"column":7}},"154":{"start":{"line":339,"column":30},"end":{"line":339,"column":34}},"155":{"start":{"line":340,"column":26},"end":{"line":340,"column":41}},"156":{"start":{"line":342,"column":6},"end":{"line":342,"column":37}},"157":{"start":{"line":345,"column":4},"end":{"line":350,"column":7}},"158":{"start":{"line":346,"column":27},"end":{"line":346,"column":31}},"159":{"start":{"line":347,"column":26},"end":{"line":347,"column":39}},"160":{"start":{"line":349,"column":6},"end":{"line":349,"column":38}},"161":{"start":{"line":352,"column":4},"end":{"line":359,"column":7}},"162":{"start":{"line":353,"column":24},"end":{"line":353,"column":57}},"163":{"start":{"line":355,"column":6},"end":{"line":358,"column":9}},"164":{"start":{"line":357,"column":8},"end":{"line":357,"column":32}}},"fnMap":{"0":{"name":"(anonymous_0)","decl":{"start":{"line":6,"column":48},"end":{"line":6,"column":51}},"loc":{"start":{"line":6,"column":53},"end":{"line":361,"column":1}}},"1":{"name":"(anonymous_1)","decl":{"start":{"line":7,"column":36},"end":{"line":7,"column":39}},"loc":{"start":{"line":7,"column":41},"end":{"line":54,"column":3}}},"2":{"name":"(anonymous_2)","decl":{"start":{"line":8,"column":48},"end":{"line":8,"column":51}},"loc":{"start":{"line":8,"column":53},"end":{"line":12,"column":5}}},"3":{"name":"(anonymous_3)","decl":{"start":{"line":14,"column":51},"end":{"line":14,"column":54}},"loc":{"start":{"line":14,"column":56},"end":{"line":19,"column":5}}},"4":{"name":"(anonymous_4)","decl":{"start":{"line":21,"column":42},"end":{"line":21,"column":45}},"loc":{"start":{"line":21,"column":47},"end":{"line":25,"column":5}}},"5":{"name":"(anonymous_5)","decl":{"start":{"line":27,"column":44},"end":{"line":27,"column":47}},"loc":{"start":{"line":27,"column":49},"end":{"line":32,"column":5}}},"6":{"name":"(anonymous_6)","decl":{"start":{"line":34,"column":36},"end":{"line":34,"column":39}},"loc":{"start":{"line":34,"column":41},"end":{"line":38,"column":5}}},"7":{"name":"(anonymous_7)","decl":{"start":{"line":40,"column":46},"end":{"line":40,"column":49}},"loc":{"start":{"line":40,"column":51},"end":{"line":47,"column":5}}},"8":{"name":"(anonymous_8)","decl":{"start":{"line":49,"column":56},"end":{"line":49,"column":59}},"loc":{"start":{"line":49,"column":61},"end":{"line":53,"column":5}}},"9":{"name":"(anonymous_9)","decl":{"start":{"line":56,"column":29},"end":{"line":56,"column":32}},"loc":{"start":{"line":56,"column":34},"end":{"line":138,"column":3}}},"10":{"name":"(anonymous_10)","decl":{"start":{"line":57,"column":33},"end":{"line":57,"column":36}},"loc":{"start":{"line":57,"column":38},"end":{"line":66,"column":5}}},"11":{"name":"(anonymous_11)","decl":{"start":{"line":68,"column":38},"end":{"line":68,"column":41}},"loc":{"start":{"line":68,"column":43},"end":{"line":77,"column":5}}},"12":{"name":"(anonymous_12)","decl":{"start":{"line":79,"column":38},"end":{"line":79,"column":41}},"loc":{"start":{"line":79,"column":43},"end":{"line":87,"column":5}}},"13":{"name":"(anonymous_13)","decl":{"start":{"line":89,"column":41},"end":{"line":89,"column":44}},"loc":{"start":{"line":89,"column":46},"end":{"line":97,"column":5}}},"14":{"name":"(anonymous_14)","decl":{"start":{"line":99,"column":36},"end":{"line":99,"column":39}},"loc":{"start":{"line":99,"column":41},"end":{"line":107,"column":5}}},"15":{"name":"(anonymous_15)","decl":{"start":{"line":109,"column":38},"end":{"line":109,"column":41}},"loc":{"start":{"line":109,"column":43},"end":{"line":117,"column":5}}},"16":{"name":"(anonymous_16)","decl":{"start":{"line":119,"column":42},"end":{"line":119,"column":45}},"loc":{"start":{"line":119,"column":47},"end":{"line":127,"column":5}}},"17":{"name":"(anonymous_17)","decl":{"start":{"line":129,"column":48},"end":{"line":129,"column":51}},"loc":{"start":{"line":129,"column":53},"end":{"line":137,"column":5}}},"18":{"name":"(anonymous_18)","decl":{"start":{"line":140,"column":33},"end":{"line":140,"column":36}},"loc":{"start":{"line":140,"column":38},"end":{"line":177,"column":3}}},"19":{"name":"(anonymous_19)","decl":{"start":{"line":141,"column":48},"end":{"line":141,"column":51}},"loc":{"start":{"line":141,"column":53},"end":{"line":146,"column":5}}},"20":{"name":"(anonymous_20)","decl":{"start":{"line":148,"column":50},"end":{"line":148,"column":53}},"loc":{"start":{"line":148,"column":55},"end":{"line":153,"column":5}}},"21":{"name":"(anonymous_21)","decl":{"start":{"line":155,"column":51},"end":{"line":155,"column":54}},"loc":{"start":{"line":155,"column":56},"end":{"line":160,"column":5}}},"22":{"name":"(anonymous_22)","decl":{"start":{"line":162,"column":52},"end":{"line":162,"column":55}},"loc":{"start":{"line":162,"column":57},"end":{"line":167,"column":5}}},"23":{"name":"(anonymous_23)","decl":{"start":{"line":169,"column":55},"end":{"line":169,"column":58}},"loc":{"start":{"line":169,"column":60},"end":{"line":176,"column":5}}},"24":{"name":"(anonymous_24)","decl":{"start":{"line":179,"column":40},"end":{"line":179,"column":43}},"loc":{"start":{"line":179,"column":45},"end":{"line":226,"column":3}}},"25":{"name":"(anonymous_25)","decl":{"start":{"line":180,"column":47},"end":{"line":180,"column":50}},"loc":{"start":{"line":180,"column":52},"end":{"line":185,"column":5}}},"26":{"name":"(anonymous_26)","decl":{"start":{"line":187,"column":48},"end":{"line":187,"column":51}},"loc":{"start":{"line":187,"column":53},"end":{"line":192,"column":5}}},"27":{"name":"(anonymous_27)","decl":{"start":{"line":194,"column":50},"end":{"line":194,"column":53}},"loc":{"start":{"line":194,"column":55},"end":{"line":199,"column":5}}},"28":{"name":"(anonymous_28)","decl":{"start":{"line":201,"column":48},"end":{"line":201,"column":51}},"loc":{"start":{"line":201,"column":53},"end":{"line":213,"column":5}}},"29":{"name":"(anonymous_29)","decl":{"start":{"line":215,"column":43},"end":{"line":215,"column":46}},"loc":{"start":{"line":215,"column":48},"end":{"line":225,"column":5}}},"30":{"name":"(anonymous_30)","decl":{"start":{"line":222,"column":36},"end":{"line":222,"column":37}},"loc":{"start":{"line":222,"column":46},"end":{"line":222,"column":95}}},"31":{"name":"(anonymous_31)","decl":{"start":{"line":228,"column":31},"end":{"line":228,"column":34}},"loc":{"start":{"line":228,"column":36},"end":{"line":278,"column":3}}},"32":{"name":"(anonymous_32)","decl":{"start":{"line":229,"column":57},"end":{"line":229,"column":60}},"loc":{"start":{"line":229,"column":62},"end":{"line":234,"column":5}}},"33":{"name":"(anonymous_33)","decl":{"start":{"line":236,"column":46},"end":{"line":236,"column":49}},"loc":{"start":{"line":236,"column":51},"end":{"line":248,"column":5}}},"34":{"name":"(anonymous_34)","decl":{"start":{"line":243,"column":35},"end":{"line":243,"column":36}},"loc":{"start":{"line":243,"column":45},"end":{"line":243,"column":58}}},"35":{"name":"(anonymous_35)","decl":{"start":{"line":250,"column":43},"end":{"line":250,"column":46}},"loc":{"start":{"line":250,"column":48},"end":{"line":259,"column":5}}},"36":{"name":"(anonymous_36)","decl":{"start":{"line":256,"column":53},"end":{"line":256,"column":54}},"loc":{"start":{"line":256,"column":60},"end":{"line":256,"column":69}}},"37":{"name":"(anonymous_37)","decl":{"start":{"line":261,"column":45},"end":{"line":261,"column":48}},"loc":{"start":{"line":261,"column":50},"end":{"line":266,"column":5}}},"38":{"name":"(anonymous_38)","decl":{"start":{"line":268,"column":47},"end":{"line":268,"column":50}},"loc":{"start":{"line":268,"column":52},"end":{"line":277,"column":5}}},"39":{"name":"(anonymous_39)","decl":{"start":{"line":280,"column":26},"end":{"line":280,"column":29}},"loc":{"start":{"line":280,"column":31},"end":{"line":321,"column":3}}},"40":{"name":"(anonymous_40)","decl":{"start":{"line":281,"column":47},"end":{"line":281,"column":50}},"loc":{"start":{"line":281,"column":52},"end":{"line":285,"column":5}}},"41":{"name":"(anonymous_41)","decl":{"start":{"line":287,"column":39},"end":{"line":287,"column":42}},"loc":{"start":{"line":287,"column":44},"end":{"line":297,"column":5}}},"42":{"name":"(anonymous_42)","decl":{"start":{"line":299,"column":41},"end":{"line":299,"column":44}},"loc":{"start":{"line":299,"column":46},"end":{"line":306,"column":5}}},"43":{"name":"(anonymous_43)","decl":{"start":{"line":308,"column":36},"end":{"line":308,"column":39}},"loc":{"start":{"line":308,"column":41},"end":{"line":313,"column":5}}},"44":{"name":"(anonymous_44)","decl":{"start":{"line":315,"column":53},"end":{"line":315,"column":56}},"loc":{"start":{"line":315,"column":58},"end":{"line":320,"column":5}}},"45":{"name":"(anonymous_45)","decl":{"start":{"line":323,"column":29},"end":{"line":323,"column":32}},"loc":{"start":{"line":323,"column":34},"end":{"line":360,"column":3}}},"46":{"name":"(anonymous_46)","decl":{"start":{"line":324,"column":41},"end":{"line":324,"column":44}},"loc":{"start":{"line":324,"column":46},"end":{"line":328,"column":5}}},"47":{"name":"(anonymous_47)","decl":{"start":{"line":330,"column":47},"end":{"line":330,"column":50}},"loc":{"start":{"line":330,"column":52},"end":{"line":336,"column":5}}},"48":{"name":"(anonymous_48)","decl":{"start":{"line":333,"column":25},"end":{"line":333,"column":28}},"loc":{"start":{"line":333,"column":31},"end":{"line":333,"column":57}}},"49":{"name":"(anonymous_49)","decl":{"start":{"line":338,"column":55},"end":{"line":338,"column":58}},"loc":{"start":{"line":338,"column":60},"end":{"line":343,"column":5}}},"50":{"name":"(anonymous_50)","decl":{"start":{"line":345,"column":69},"end":{"line":345,"column":72}},"loc":{"start":{"line":345,"column":74},"end":{"line":350,"column":5}}},"51":{"name":"(anonymous_51)","decl":{"start":{"line":352,"column":56},"end":{"line":352,"column":59}},"loc":{"start":{"line":352,"column":61},"end":{"line":359,"column":5}}},"52":{"name":"(anonymous_52)","decl":{"start":{"line":355,"column":24},"end":{"line":355,"column":25}},"loc":{"start":{"line":355,"column":30},"end":{"line":358,"column":7}}}},"branchMap":{"0":{"loc":{"start":{"line":222,"column":46},"end":{"line":222,"column":95}},"type":"binary-expr","locations":[{"start":{"line":222,"column":46},"end":{"line":222,"column":53}},{"start":{"line":222,"column":57},"end":{"line":222,"column":95}}]}},"s":{"0":0,"1":0,"2":0,"3":0,"4":0,"5":0,"6":0,"7":0,"8":0,"9":0,"10":0,"11":0,"12":0,"13":0,"14":0,"15":0,"16":0,"17":0,"18":0,"19":0,"20":0,"21":0,"22":0,"23":0,"24":0,"25":0,"26":0,"27":0,"28":0,"29":0,"30":0,"31":0,"32":0,"33":0,"34":0,"35":0,"36":0,"37":0,"38":0,"39":0,"40":0,"41":0,"42":0,"43":0,"44":0,"45":0,"46":0,"47":0,"48":0,"49":0,"50":0,"51":0,"52":0,"53":0,"54":0,"55":0,"56":0,"57":0,"58":0,"59":0,"60":0,"61":0,"62":0,"63":0,"64":0,"6
[...]
end":{"line":320,"column":null}},"116":{"start":{"line":323,"column":4},"end":{"line":325,"column":5}},"117":{"start":{"line":324,"column":6},"end":{"line":324,"column":40}},"118":{"start":{"line":327,"column":23},"end":{"line":329,"column":null}},"119":{"start":{"line":332,"column":4},"end":{"line":334,"column":5}},"120":{"start":{"line":333,"column":6},"end":{"line":333,"column":40}},"121":{"start":{"line":336,"column":4},"end":{"line":338,"column":5}},"122":{"start":{"line":337,"column":6},"end":{"line":337,"column":53}},"123":{"start":{"line":340,"column":4},"end":{"line":342,"column":5}},"124":{"start":{"line":341,"column":6},"end":{"line":341,"column":43}},"125":{"start":{"line":344,"column":26},"end":{"line":344,"column":57}},"126":{"start":{"line":345,"column":25},"end":{"line":345,"column":29}},"127":{"start":{"line":347,"column":4},"end":{"line":380,"column":5}},"128":{"start":{"line":349,"column":8},"end":{"line":354,"column":10}},"129":{"start":{"line":355,"column":8},"end":{"line":355,"column":14}},"130":{"start":{"line":357,"column":8},"end":{"line":362,"column":10}},"131":{"start":{"line":363,"column":8},"end":{"line":363,"column":14}},"132":{"start":{"line":365,"column":8},"end":{"line":370,"column":10}},"133":{"start":{"line":371,"column":8},"end":{"line":371,"column":14}},"134":{"start":{"line":373,"column":8},"end":{"line":378,"column":10}},"135":{"start":{"line":379,"column":8},"end":{"line":379,"column":14}},"136":{"start":{"line":382,"column":4},"end":{"line":398,"column":7}},"137":{"start":{"line":383,"column":6},"end":{"line":386,"column":8}},"138":{"start":{"line":388,"column":6},"end":{"line":390,"column":7}},"139":{"start":{"line":389,"column":8},"end":{"line":389,"column":38}},"140":{"start":{"line":392,"column":6},"end":{"line":395,"column":9}},"141":{"start":{"line":397,"column":6},"end":{"line":397,"column":42}},"142":{"start":{"line":9,"column":13},"end":{"line":9,"column":25}},"143":{"start":{"line":9,"column":13},"end":{"line":400,"column":null}}},"fnMap":{"0":{"name":"(anonymous_2)","decl":{"start":{"line":10,"column":2},"end":{"line":10,"column":null}},"loc":{"start":{"line":12,"column":38},"end":{"line":13,"column":6}}},"1":{"name":"(anonymous_3)","decl":{"start":{"line":15,"column":10},"end":{"line":15,"column":26}},"loc":{"start":{"line":15,"column":26},"end":{"line":22,"column":3}}},"2":{"name":"(anonymous_4)","decl":{"start":{"line":24,"column":10},"end":{"line":24,"column":32}},"loc":{"start":{"line":24,"column":32},"end":{"line":48,"column":3}}},"3":{"name":"(anonymous_5)","decl":{"start":{"line":50,"column":2},"end":{"line":50,"column":7}},"loc":{"start":{"line":50,"column":64},"end":{"line":114,"column":3}}},"4":{"name":"(anonymous_6)","decl":{"start":{"line":56,"column":31},"end":{"line":56,"column":36}},"loc":{"start":{"line":56,"column":48},"end":{"line":113,"column":5}}},"5":{"name":"(anonymous_7)","decl":{"start":{"line":73,"column":56},"end":{"line":73,"column":57}},"loc":{"start":{"line":73,"column":74},"end":{"line":80,"column":7}}},"6":{"name":"(anonymous_8)","decl":{"start":{"line":108,"column":36},"end":{"line":108,"column":37}},"loc":{"start":{"line":108,"column":49},"end":{"line":111,"column":10}}},"7":{"name":"(anonymous_9)","decl":{"start":{"line":116,"column":2},"end":{"line":116,"column":7}},"loc":{"start":{"line":116,"column":47},"end":{"line":165,"column":3}}},"8":{"name":"(anonymous_10)","decl":{"start":{"line":159,"column":43},"end":{"line":159,"column":44}},"loc":{"start":{"line":159,"column":56},"end":{"line":162,"column":8}}},"9":{"name":"(anonymous_11)","decl":{"start":{"line":167,"column":2},"end":{"line":167,"column":7}},"loc":{"start":{"line":167,"column":49},"end":{"line":211,"column":3}}},"10":{"name":"(anonymous_12)","decl":{"start":{"line":189,"column":31},"end":{"line":189,"column":36}},"loc":{"start":{"line":189,"column":48},"end":{"line":210,"column":5}}},"11":{"name":"(anonymous_13)","decl":{"start":{"line":200,"column":43},"end":{"line":200,"column":44}},"loc":{"start":{"line":200,"column":55},"end":{"line":200,"column":59}}},"12":{"name":"(anonymous_14)","decl":{"start":{"line":202,"column":41},"end":{"line":202,"column":42}},"loc":{"start":{"line":202,"column":51},"end":{"line":202,"column":62}}},"13":{"name":"(anonymous_15)","decl":{"start":{"line":213,"column":2},"end":{"line":213,"column":7}},"loc":{"start":{"line":213,"column":76},"end":{"line":315,"column":3}}},"14":{"name":"(anonymous_16)","decl":{"start":{"line":248,"column":6},"end":{"line":248,"column":7}},"loc":{"start":{"line":249,"column":8},"end":{"line":251,"column":28}}},"15":{"name":"(anonymous_17)","decl":{"start":{"line":256,"column":16},"end":{"line":256,"column":17}},"loc":{"start":{"line":256,"column":28},"end":{"line":256,"column":79}}},"16":{"name":"(anonymous_18)","decl":{"start":{"line":257,"column":13},"end":{"line":257,"column":14}},"loc":{"start":{"line":258,"column":10},"end":{"line":258,"column":66}}},"17":{"name":"(anonymous_19)","decl":{"start":{"line":260,"column":16},"end":{"line":260,"column":17}},"loc":{"start":{"line":260,"column":28},"end":{"line":260,"column":48}}},"18":{"name":"(anonymous_20)","decl":{"start":{"line":285,"column":11},"end":{"line":285,"column":12}},"loc":{"start":{"line":285,"column":24},"end":{"line":288,"column":8}}},"19":{"name":"(anonymous_21)","decl":{"start":{"line":289,"column":14},"end":{"line":289,"column":15}},"loc":{"start":{"line":289,"column":26},"end":{"line":289,"column":46}}},"20":{"name":"(anonymous_22)","decl":{"start":{"line":291,"column":31},"end":{"line":291,"column":36}},"loc":{"start":{"line":291,"column":48},"end":{"line":314,"column":5}}},"21":{"name":"(anonymous_23)","decl":{"start":{"line":317,"column":2},"end":{"line":317,"column":7}},"loc":{"start":{"line":317,"column":62},"end":{"line":399,"column":3}}},"22":{"name":"(anonymous_24)","decl":{"start":{"line":382,"column":31},"end":{"line":382,"column":36}},"loc":{"start":{"line":382,"column":48},"end":{"line":398,"column":5}}}},"branchMap":{"0":{"loc":{"start":{"line":58,"column":23},"end":{"line":58,"column":73}},"type":"cond-expr","locations":[{"start":{"line":58,"column":43},"end":{"line":58,"column":66}},{"start":{"line":58,"column":69},"end":{"line":58,"column":73}}]},"1":{"loc":{"start":{"line":59,"column":21},"end":{"line":59,"column":66}},"type":"cond-expr","locations":[{"start":{"line":59,"column":41},"end":{"line":59,"column":50}},{"start":{"line":59,"column":53},"end":{"line":59,"column":66}}]},"2":{"loc":{"start":{"line":64,"column":62},"end":{"line":64,"column":76}},"type":"binary-expr","locations":[{"start":{"line":64,"column":62},"end":{"line":64,"column":68}},{"start":{"line":64,"column":72},"end":{"line":64,"column":76}}]},"3":{"loc":{"start":{"line":74,"column":25},"end":{"line":74,"column":69}},"type":"cond-expr","locations":[{"start":{"line":74,"column":56},"end":{"line":74,"column":62}},{"start":{"line":74,"column":65},"end":{"line":74,"column":69}}]},"4":{"loc":{"start":{"line":96,"column":18},"end":{"line":96,"column":32}},"type":"binary-expr","locations":[{"start":{"line":96,"column":18},"end":{"line":96,"column":24}},{"start":{"line":96,"column":28},"end":{"line":96,"column":32}}]},"5":{"loc":{"start":{"line":122,"column":4},"end":{"line":124,"column":5}},"type":"if","locations":[{"start":{"line":122,"column":4},"end":{"line":124,"column":5}},{"start":{},"end":{}}]},"6":{"loc":{"start":{"line":126,"column":4},"end":{"line":133,"column":5}},"type":"if","locations":[{"start":{"line":126,"column":4},"end":{"line":133,"column":5}},{"start":{},"end":{}}]},"7":{"loc":{"start":{"line":127,"column":6},"end":{"line":130,"column":36}},"type":"binary-expr","locations":[{"start":{"line":127,"column":6},"end":{"line":127,"column":34}},{"start":{"line":128,"column":6},"end":{"line":128,"column":12}},{"start":{"line":129,"column":6},"end":{"line":129,"column":35}},{"start":{"line":130,"column":6},"end":{"line":130,"column":36}}]},"8":{"loc":{"start":{"line":141,"column":6},"end":{"line":141,"column":78}},"type":"cond-expr","locations":[{"start":{"line":141,"column":38},"end":{"line":141,"column":57}},{"start":{"line":141,"column":60},"end":{"line":141,"column":78}}]},"9":{"loc":{"start":{"line":144,"column":4},"end":{"line":150,"column":5}},"type":"if","locations":[{"start":{"line":144,"column":4},"end":{"line":150,"column":5}},{"start":{},"end":{}}]},"10":{"loc":{"start":{"line":173,"column":4},"end":{"line":175,"column":5}},"type":"if","locations":[{"start":{"line":173,"column":4},"end":{"line":175,"column":5}},{"start":{},"end":{}}]},"11":{"loc":{"start":{"line":177,"column":4},"end":{"line":179,"column":5}},"type":"if","locations":[{"start":{"line":177,"column":4},"end":{"line":179,"column":5}},{"start":{},"end":{}}]},"12":{"loc":{"start":{"line":181,"column":4},"end":{"line":183,"column":5}},"type":"if","locations":[{"start":{"line":181,"column":4},"end":{"line":183,"column":5}},{"start":{},"end":{}}]},"13":{"loc":{"start":{"line":185,"column":4},"end":{"line":187,"column":5}},"type":"if","locations":[{"start":{"line":185,"column":4},"end":{"line":187,"column":5}},{"start":{},"end":{}}]},"14":{"loc":{"start":{"line":201,"column":6},"end":{"line":207,"column":7}},"type":"if","locations":[{"start":{"line":201,"column":6},"end":{"line":207,"column":7}},{"start":{},"end":{}}]},"15":{"loc":{"start":{"line":219,"column":4},"end":{"line":221,"column":5}},"type":"if","locations":[{"start":{"line":219,"column":4},"end":{"line":221,"column":5}},{"start":{},"end":{}}]},"16":{"loc":{"start":{"line":223,"column":4},"end":{"line":225,"column":5}},"type":"if","locations":[{"start":{"line":223,"column":4},"end":{"line":225,"column":5}},{"start":{},"end":{}}]},"17":{"loc":{"start":{"line":223,"column":8},"end":{"line":223,"column":71}},"type":"binary-expr","locations":[{"start":{"line":223,"column":8},"end":{"line":223,"column":37}},{"start":{"line":223,"column":41},"end":{"line":223,"column":71}}]},"18":{"loc":{"start":{"line":230,"column":6},"end":{"line":230,"column":66}},"type":"binary-expr","locations":[{"start":{"line":230,"column":7},"end":{"line":230,"column":18}},{"start":{"line":230,"column":22},"end":{"line":230,"column":32}},{"start":{"line":230,"column":38},"end":{"line":230,"column":50}},{"start":{"line":230,"column":54},"end":{"line":230,"column":65}}]},"19":{"loc":{"start":{"line":232,"column":4},"end":{"line":234,"column":5}},"type":"if","locations":[{"start":{"line":232,"column":4},"end":{"line":234,"column":5}},{"start":{},"end":{}}]},"20":{"loc":{"start":{"line":236,"column":4},"end":{"line":238,"column":5}},"type":"if","locations":[{"start":{"line":236,"column":4},"end":{"line":238,"column":5}},{"start":{},"end":{}}]},"21":{"loc":{"start":{"line":242,"column":4},"end":{"line":244,"column":5}},"type":"if","locations":[{"start":{"line":242,"column":4},"end":{"line":244,"column":5}},{"start":{},"end":{}}]},"22":{"loc":{"start":{"line":246,"column":26},"end":{"line":246,"column":57}},"type":"binary-expr","locations":[{"start":{"line":246,"column":26},"end":{"line":246,"column":51}},{"start":{"line":246,"column":55},"end":{"line":246,"column":57}}]},"23":{"loc":{"start":{"line":249,"column":8},"end":{"line":251,"column":28}},"type":"binary-expr","locations":[{"start":{"line":249,"column":8},"end":{"line":249,"column":30}},{"start":{"line":250,"column":8},"end":{"line":250,"column":30}},{"start":{"line":251,"column":8},"end":{"line":251,"column":28}}]},"24":{"loc":{"start":{"line":254,"column":4},"end":{"line":272,"column":5}},"type":"if","locations":[{"start":{"line":254,"column":4},"end":{"line":272,"column":5}},{"start":{},"end":{}}]},"25":{"loc":{"start":{"line":256,"column":30},"end":{"line":256,"column":78}},"type":"binary-expr","locations":[{"start":{"line":256,"column":30},"end":{"line":256,"column":52}},{"start":{"line":256,"column":56},"end":{"line":256,"column":78}}]},"26":{"loc":{"start":{"line":258,"column":10},"end":{"line":258,"column":66}},"type":"cond-expr","locations":[{"start":{"line":258,"column":35},"end":{"line":258,"column":62}},{"start":{"line":258,"column":65},"end":{"line":258,"column":66}}]},"27":{"loc":{"start":{"line":265,"column":10},"end":{"line":265,"column":41}},"type":"cond-expr","locations":[{"start":{"line":265,"column":24},"end":{"line":265,"column":31}},{"start":{"line":265,"column":34},"end":{"line":265,"column":41}}]},"28":{"loc":{"start":{"line":275,"column":4},"end":{"line":277,"column":5}},"type":"if","locations":[{"start":{"line":275,"column":4},"end":{"line":277,"column":5}},{"start":{},"end":{}}]},"29":{"loc":{"start":{"line":281,"column":6},"end":{"line":281,"column":73}},"type":"cond-expr","locations":[{"start":{"line":281,"column":56},"end":{"line":281,"column":63}},{"start":{"line":281,"column":66},"end":{"line":281,"column":73}}]},"30":{"loc":{"start":{"line":284,"column":28},"end":{"line":284,"column":47}},"type":"binary-expr","locations":[{"start":{"line":284,"column":28},"end":{"line":284,"column":41}},{"start":{"line":284,"column":45},"end":{"line":284,"column":47}}]},"31":{"loc":{"start":{"line":298,"column":25},"end":{"line":298,"column":66}},"type":"cond-expr","locations":[{"start":{"line":298,"column":39},"end":{"line":298,"column":50}},{"start":{"line":298,"column":53},"end":{"line":298,"column":66}}]},"32":{"loc":{"start":{"line":299,"column":23},"end":{"line":299,"column":50}},"type":"cond-expr","locations":[{"start":{"line":299,"column":37},"end":{"line":299,"column":43}},{"start":{"line":299,"column":46},"end":{"line":299,"column":50}}]},"33":{"loc":{"start":{"line":323,"column":4},"end":{"line":325,"column":5}},"type":"if","locations":[{"start":{"line":323,"column":4},"end":{"line":325,"column":5}},{"start":{},"end":{}}]},"34":{"loc":{"start":{"line":332,"column":4},"end":{"line":334,"column":5}},"type":"if","locations":[{"start":{"line":332,"column":4},"end":{"line":334,"column":5}},{"start":{},"end":{}}]},"35":{"loc":{"start":{"line":336,"column":4},"end":{"line":338,"column":5}},"type":"if","locations":[{"start":{"line":336,"column":4},"end":{"line":338,"column":5}},{"start":{},"end":{}}]},"36":{"loc":{"start":{"line":340,"column":4},"end":{"line":342,"column":5}},"type":"if","locations":[{"start":{"line":340,"column":4},"end":{"line":342,"column":5}},{"start":{},"end":{}}]},"37":{"loc":{"start":{"line":344,"column":26},"end":{"line":344,"column":57}},"type":"binary-expr","locations":[{"start":{"line":344,"column":26},"end":{"line":344,"column":51}},{"start":{"line":344,"column":55},"end":{"line":344,"column":57}}]},"38":{"loc":{"start":{"line":347,"column":4},"end":{"line":380,"column":5}},"type":"switch","locations":[{"start":{"line":348,"column":6},"end":{"line":355,"column":14}},{"start":{"line":356,"column":6},"end":{"line":363,"column":14}},{"start":{"line":364,"column":6},"end":{"line":371,"column":14}},{"start":{"line":372,"column":6},"end":{"line":379,"column":14}}]},"39":{"loc":{"start":{"line":388,"column":6},"end":{"line":390,"column":7}},"type":"if","locations":[{"start":{"line":388,"column":6},"end":{"line":390,"column":7}},{"start":{},"end":{}}]},"40":{"loc":{"start":{"line":11,"column":16},"end":{"line":11,"column":null}},"type":"cond-expr","locations":[{"start":{"line":11,"column":31},"end":{"line":11,"column":null}},{"start":{"line":11,"column":31},"end":{"line":11,"column":null}}]},"41":{"loc":{"start":{"line":11,"column":16},"end":{"line":11,"column":31}},"type":"binary-expr","locations":[{"start":{"line":11,"column":16},"end":{"line":11,"column":null}},{"start":{"line":11,"column":16},"end":{"line":11,"column":31}}]},"42":{"loc":{"start":{"line":11,"column":31},"end":{"line":12,"column":null}},"type":"cond-expr","locations":[{"start":{"line":12,"column":38},"end":{"line":12,"column":null}},{"start":{"line":12,"column":38},"end":{"line":12,"column":null}}]},"43":{"loc":{"start":{"line":11,"column":31},"end":{"line":12,"column":38}},"type":"binary-expr","locations":[{"start":{"line":11,"column":31},"end":{"line":12,"column":null}},{"start":{"line":12,"column":26},"end":{"line":12,"column":38}}]}},"s":{"0":1,"1":1,"2":1,"3":1,"4":1,"5":6,"6":6,"7":101,"8":101,"9":101,"10":101,"11":606,"12":101,"13":3,"14":3,"15":3,"16":21,"17":21,"18":3,"19":0,"20":0,"21":0,"22":0,"23":0,"24":0,"25":0,"26":0,"27":0,"28":0,"29":0,"30":0,"31":0,"32":0,"33":0,"34":0,"35":0,"36":0,"37":0,"38":0,"39":0,"40":0,"41":0,"42":0,"43":0,"44":0,"45":0,"46":0,"47":0,"48":0,"49":0,"50":0,"51":0,"52":0,"53":0,"54":0,"55":0,"56":0,"57":0,"58":0,"59":0,"60":0,"61":0,"62":0,"63":0,"64":0,"65":0,"66":0,"67":0,"68":0,"69":0,"70":0,"71":0,"72":0,"73":0,"74":0,"75":0,"76":0,"77":0,"78":0,"79":0,"80":0,"81":0,"82":0,"83":0,"84":0,"85":0,"86":0,"87":0,"88":0,"89":0,"90":0,"91":0,"92":0,"93":0,"94":0,"95":0,"96":0,"97":0,"98":0,"99":0,"100":0,"101":0,"102":0,"103":0,"104":0,"105":0,"106":0,"107":0,"108":0,"109":0,"110":0,"111":0,"112":0,"113":0,"114":0,"115":0,"116":0,"117":0,"118":0,"119":0,"120":0,"121":0,"122":0,"123":0,"124":0,"125":0,"126":0,"127":0,"128":0,"129":0,"130":0,"131":0,"132":0,"133":0,"134":0,"135":0,"136":0,"137":0,"138":0,"139":0,"140":0,"141":0,"142":1,"143":1},"f":{"0":6,"1":101,"2":3,"3":0,"4":0,"5":0,"6":0,"7":0,"8":0,"9":0,"10":0,"11":0,"12":0,"13":0,"14":0,"15":0,"16":0,"17":0,"18":0,"19":0,"20":0,"21":0,"22":0},"b":{"0":[0,0],"1":[0,0],"2":[0,0],"3":[0,0],"4":[0,0],"5":[0,0],"6":[0,0],"7":[0,0,0,0],"8":[0,0],"9":[0,0],"10":[0,0],"11":[0,0],"12":[0,0],"13":[0,0],"14":[0,0],"15":[0,0],"16":[0,0],"17":[0,0],"18":[0,0,0,0],"19":[0,0],"20":[0,0],"21":[0,0],"22":[0,0],"23":[0,0,0],"24":[0,0],"25":[0,0],"26":[0,0],"27":[0,0],"28":[0,0],"29":[0,0],"30":[0,0],"31":[0,0],"32":[0,0],"33":[0,0],"34":[0,0],"35":[0,0],"36":[0,0],"37":[0,0],"38":[0,0,0,0],"39":[0,0],"40":[1,0],"41":[1,1],"42":[1,0],"43":[1,1]}}
,"C:\\Users\\LeroyJoiceDsouza\\Desktop\\Code Projects\\checkmate.uno\\backend\\src\\games\\dto\\create-game.dto.ts": {"path":"C:\\Users\\LeroyJoiceDsouza\\Desktop\\Code Projects\\checkmate.uno\\backend\\src\\games\\dto\\create-game.dto.ts","statementMap":{"0":{"start":{"line":1,"column":0},"end":{"line":1,"column":41}},"1":{"start":{"line":4,"column":0},"end":{"line":4,"column":13}},"2":{"start":{"line":6,"column":2},"end":{"line":6,"column":null}}},"fnMap":{},"branchMap":{},"s":{"0":0,"1":0,"2":0},"f":{},"b":{}}
,"C:\\Users\\LeroyJoiceDsouza\\Desktop\\Code Projects\\checkmate.uno\\backend\\src\\games\\dto\\join-room.dto.ts": {"path":"C:\\Users\\LeroyJoiceDsouza\\Desktop\\Code Projects\\checkmate.uno\\backend\\src\\games\\dto\\join-room.dto.ts","statementMap":{"0":{"start":{"line":1,"column":0},"end":{"line":1,"column":51}},"1":{"start":{"line":3,"column":0},"end":{"line":3,"column":13}},"2":{"start":{"line":6,"column":2},"end":{"line":6,"column":null}}},"fnMap":{},"branchMap":{},"s":{"0":0,"1":0,"2":0},"f":{},"b":{}}
,"C:\\Users\\LeroyJoiceDsouza\\Desktop\\Code Projects\\checkmate.uno\\backend\\src\\games\\dto\\make-move.dto.ts": {"path":"C:\\Users\\LeroyJoiceDsouza\\Desktop\\Code Projects\\checkmate.uno\\backend\\src\\games\\dto\\make-move.dto.ts","statementMap":{"0":{"start":{"line":1,"column":0},"end":{"line":1,"column":51}},"1":{"start":{"line":3,"column":0},"end":{"line":3,"column":13}},"2":{"start":{"line":6,"column":2},"end":{"line":6,"column":null}},"3":{"start":{"line":10,"column":2},"end":{"line":10,"column":null}}},"fnMap":{},"branchMap":{},"s":{"0":0,"1":0,"2":0,"3":0},"f":{},"b":{}}
,"C:\\Users\\LeroyJoiceDsouza\\Desktop\\Code Projects\\checkmate.uno\\backend\\src\\games\\dto\\use-card.dto.ts": {"path":"C:\\Users\\LeroyJoiceDsouza\\Desktop\\Code Projects\\checkmate.uno\\backend\\src\\games\\dto\\use-card.dto.ts","statementMap":{"0":{"start":{"line":1,"column":0},"end":{"line":1,"column":55}},"1":{"start":{"line":3,"column":0},"end":{"line":3,"column":13}},"2":{"start":{"line":5,"column":2},"end":{"line":5,"column":null}},"3":{"start":{"line":8,"column":2},"end":{"line":12,"column":null}}},"fnMap":{},"branchMap":{},"s":{"0":0,"1":0,"2":0,"3":0},"f":{},"b":{}}
}
