TN:
SF:src\app.controller.ts
FN:6,(anonymous_2)
FN:9,(anonymous_3)
FNF:2
FNH:2
FNDA:1,(anonymous_2)
FNDA:1,(anonymous_3)
DA:1,1
DA:2,1
DA:5,1
DA:6,1
DA:9,1
DA:10,1
LF:6
LH:6
BRDA:6,0,0,1
BRDA:6,0,1,0
BRDA:6,1,0,1
BRDA:6,1,1,1
BRF:4
BRH:3
end_of_record
TN:
SF:src\app.module.ts
FNF:0
FNH:0
DA:1,0
DA:2,0
DA:3,0
DA:4,0
DA:5,0
DA:6,0
DA:7,0
DA:8,0
DA:24,0
LF:9
LH:0
BRF:0
BRH:0
end_of_record
TN:
SF:src\app.service.ts
FN:5,(anonymous_1)
FNF:1
FNH:1
FNDA:1,(anonymous_1)
DA:1,1
DA:4,1
DA:6,1
LF:3
LH:3
BRF:0
BRH:0
end_of_record
TN:
SF:src\main.ts
FN:4,bootstrap
FNF:1
FNH:0
FNDA:0,bootstrap
DA:1,0
DA:2,0
DA:5,0
DA:8,0
DA:13,0
DA:15,0
LF:6
LH:0
BRDA:9,0,0,0
BRDA:9,0,1,0
BRDA:13,1,0,0
BRDA:13,1,1,0
BRF:4
BRH:0
end_of_record
TN:
SF:src\__tests__\api.endpoints.test.ts
FN:6,(anonymous_0)
FN:9,(anonymous_1)
FN:10,(anonymous_2)
FN:11,(anonymous_3)
FN:29,(anonymous_4)
FN:43,(anonymous_5)
FN:57,(anonymous_6)
FN:72,(anonymous_7)
FN:73,(anonymous_8)
FN:91,(anonymous_9)
FN:105,(anonymous_10)
FN:121,(anonymous_11)
FN:122,(anonymous_12)
FN:123,(anonymous_13)
FN:139,(anonymous_14)
FN:149,(anonymous_15)
FN:150,(anonymous_16)
FN:168,(anonymous_17)
FN:181,(anonymous_18)
FN:195,(anonymous_19)
FN:196,(anonymous_20)
FN:212,(anonymous_21)
FN:223,(anonymous_22)
FN:235,(anonymous_23)
FN:236,(anonymous_24)
FN:255,(anonymous_25)
FN:270,(anonymous_26)
FN:285,(anonymous_27)
FN:301,(anonymous_28)
FN:302,(anonymous_29)
FN:320,(anonymous_30)
FN:334,(anonymous_31)
FN:348,(anonymous_32)
FN:364,(anonymous_33)
FN:365,(anonymous_34)
FN:374,(anonymous_35)
FN:383,(anonymous_36)
FN:392,(anonymous_37)
FN:401,(anonymous_38)
FN:410,(anonymous_39)
FN:421,(anonymous_40)
FN:422,(anonymous_41)
FN:431,(anonymous_42)
FN:441,(anonymous_43)
FN:442,(anonymous_44)
FN:450,(anonymous_45)
FN:453,(anonymous_46)
FN:458,(anonymous_47)
FNF:48
FNH:0
FNDA:0,(anonymous_0)
FNDA:0,(anonymous_1)
FNDA:0,(anonymous_2)
FNDA:0,(anonymous_3)
FNDA:0,(anonymous_4)
FNDA:0,(anonymous_5)
FNDA:0,(anonymous_6)
FNDA:0,(anonymous_7)
FNDA:0,(anonymous_8)
FNDA:0,(anonymous_9)
FNDA:0,(anonymous_10)
FNDA:0,(anonymous_11)
FNDA:0,(anonymous_12)
FNDA:0,(anonymous_13)
FNDA:0,(anonymous_14)
FNDA:0,(anonymous_15)
FNDA:0,(anonymous_16)
FNDA:0,(anonymous_17)
FNDA:0,(anonymous_18)
FNDA:0,(anonymous_19)
FNDA:0,(anonymous_20)
FNDA:0,(anonymous_21)
FNDA:0,(anonymous_22)
FNDA:0,(anonymous_23)
FNDA:0,(anonymous_24)
FNDA:0,(anonymous_25)
FNDA:0,(anonymous_26)
FNDA:0,(anonymous_27)
FNDA:0,(anonymous_28)
FNDA:0,(anonymous_29)
FNDA:0,(anonymous_30)
FNDA:0,(anonymous_31)
FNDA:0,(anonymous_32)
FNDA:0,(anonymous_33)
FNDA:0,(anonymous_34)
FNDA:0,(anonymous_35)
FNDA:0,(anonymous_36)
FNDA:0,(anonymous_37)
FNDA:0,(anonymous_38)
FNDA:0,(anonymous_39)
FNDA:0,(anonymous_40)
FNDA:0,(anonymous_41)
FNDA:0,(anonymous_42)
FNDA:0,(anonymous_43)
FNDA:0,(anonymous_44)
FNDA:0,(anonymous_45)
FNDA:0,(anonymous_46)
FNDA:0,(anonymous_47)
DA:6,0
DA:7,0
DA:9,0
DA:10,0
DA:11,0
DA:12,0
DA:17,0
DA:25,0
DA:26,0
DA:29,0
DA:30,0
DA:35,0
DA:40,0
DA:43,0
DA:44,0
DA:49,0
DA:54,0
DA:57,0
DA:58,0
DA:63,0
DA:68,0
DA:72,0
DA:73,0
DA:74,0
DA:79,0
DA:87,0
DA:88,0
DA:91,0
DA:92,0
DA:97,0
DA:102,0
DA:105,0
DA:106,0
DA:111,0
DA:116,0
DA:121,0
DA:122,0
DA:123,0
DA:124,0
DA:126,0
DA:135,0
DA:136,0
DA:139,0
DA:140,0
DA:145,0
DA:149,0
DA:150,0
DA:151,0
DA:155,0
DA:164,0
DA:165,0
DA:168,0
DA:169,0
DA:173,0
DA:178,0
DA:181,0
DA:182,0
DA:186,0
DA:191,0
DA:195,0
DA:196,0
DA:197,0
DA:199,0
DA:208,0
DA:209,0
DA:212,0
DA:213,0
DA:215,0
DA:220,0
DA:223,0
DA:224,0
DA:226,0
DA:231,0
DA:235,0
DA:236,0
DA:237,0
DA:238,0
DA:243,0
DA:251,0
DA:252,0
DA:255,0
DA:256,0
DA:257,0
DA:262,0
DA:267,0
DA:270,0
DA:271,0
DA:272,0
DA:277,0
DA:282,0
DA:285,0
DA:286,0
DA:287,0
DA:292,0
DA:297,0
DA:301,0
DA:302,0
DA:303,0
DA:304,0
DA:308,0
DA:316,0
DA:317,0
DA:320,0
DA:321,0
DA:322,0
DA:326,0
DA:331,0
DA:334,0
DA:335,0
DA:336,0
DA:340,0
DA:345,0
DA:348,0
DA:349,0
DA:350,0
DA:354,0
DA:359,0
DA:364,0
DA:365,0
DA:366,0
DA:371,0
DA:374,0
DA:375,0
DA:380,0
DA:383,0
DA:384,0
DA:389,0
DA:392,0
DA:393,0
DA:398,0
DA:401,0
DA:402,0
DA:407,0
DA:410,0
DA:411,0
DA:416,0
DA:417,0
DA:421,0
DA:422,0
DA:423,0
DA:424,0
DA:426,0
DA:428,0
DA:431,0
DA:432,0
DA:437,0
DA:441,0
DA:442,0
DA:443,0
DA:447,0
DA:450,0
DA:451,0
DA:453,0
DA:454,0
DA:458,0
DA:459,0
DA:463,0
LF:157
LH:0
BRF:0
BRH:0
end_of_record
TN:
SF:src\__tests__\auth.service.test.ts
FN:8,(anonymous_0)
FN:9,(anonymous_1)
FN:10,(anonymous_2)
FN:28,(anonymous_3)
FN:37,(anonymous_4)
FN:44,(anonymous_5)
FN:55,(anonymous_6)
FN:67,(anonymous_7)
FN:68,(anonymous_8)
FN:78,(anonymous_9)
FN:87,(anonymous_10)
FN:95,(anonymous_11)
FN:109,(anonymous_12)
FN:116,(anonymous_13)
FN:117,(anonymous_14)
FN:126,(anonymous_15)
FN:133,(anonymous_16)
FN:140,(anonymous_17)
FN:148,(anonymous_18)
FN:149,(anonymous_19)
FN:161,(anonymous_20)
FN:168,(anonymous_21)
FNF:22
FNH:0
FNDA:0,(anonymous_0)
FNDA:0,(anonymous_1)
FNDA:0,(anonymous_2)
FNDA:0,(anonymous_3)
FNDA:0,(anonymous_4)
FNDA:0,(anonymous_5)
FNDA:0,(anonymous_6)
FNDA:0,(anonymous_7)
FNDA:0,(anonymous_8)
FNDA:0,(anonymous_9)
FNDA:0,(anonymous_10)
FNDA:0,(anonymous_11)
FNDA:0,(anonymous_12)
FNDA:0,(anonymous_13)
FNDA:0,(anonymous_14)
FNDA:0,(anonymous_15)
FNDA:0,(anonymous_16)
FNDA:0,(anonymous_17)
FNDA:0,(anonymous_18)
FNDA:0,(anonymous_19)
FNDA:0,(anonymous_20)
FNDA:0,(anonymous_21)
DA:8,0
DA:9,0
DA:10,0
DA:11,0
DA:16,0
DA:23,0
DA:24,0
DA:25,0
DA:28,0
DA:29,0
DA:30,0
DA:33,0
DA:34,0
DA:37,0
DA:38,0
DA:39,0
DA:41,0
DA:44,0
DA:45,0
DA:46,0
DA:48,0
DA:49,0
DA:51,0
DA:52,0
DA:55,0
DA:56,0
DA:57,0
DA:59,0
DA:60,0
DA:62,0
DA:63,0
DA:67,0
DA:68,0
DA:69,0
DA:70,0
DA:73,0
DA:75,0
DA:78,0
DA:79,0
DA:80,0
DA:82,0
DA:84,0
DA:87,0
DA:88,0
DA:89,0
DA:91,0
DA:92,0
DA:95,0
DA:96,0
DA:104,0
DA:105,0
DA:106,0
DA:109,0
DA:110,0
DA:112,0
DA:116,0
DA:117,0
DA:118,0
DA:119,0
DA:120,0
DA:122,0
DA:123,0
DA:126,0
DA:127,0
DA:128,0
DA:130,0
DA:133,0
DA:134,0
DA:135,0
DA:137,0
DA:140,0
DA:141,0
DA:142,0
DA:144,0
DA:148,0
DA:149,0
DA:150,0
DA:156,0
DA:157,0
DA:158,0
DA:161,0
DA:162,0
DA:163,0
DA:165,0
DA:168,0
DA:169,0
DA:171,0
DA:173,0
LF:88
LH:0
BRF:0
BRH:0
end_of_record
TN:
SF:src\__tests__\games.service.test.ts
FN:6,(anonymous_0)
FN:7,(anonymous_1)
FN:8,(anonymous_2)
FN:23,(anonymous_3)
FN:30,(anonymous_4)
FN:39,(anonymous_5)
FN:48,(anonymous_6)
FN:49,(anonymous_7)
FN:57,(anonymous_8)
FN:68,(anonymous_9)
FN:75,(anonymous_10)
FN:83,(anonymous_11)
FN:84,(anonymous_12)
FN:91,(anonymous_13)
FN:98,(anonymous_14)
FN:106,(anonymous_15)
FN:115,(anonymous_16)
FN:124,(anonymous_17)
FN:125,(anonymous_18)
FN:134,(anonymous_19)
FN:143,(anonymous_20)
FN:157,(anonymous_21)
FN:158,(anonymous_22)
FN:168,(anonymous_23)
FN:176,(anonymous_24)
FN:192,(anonymous_25)
FN:207,(anonymous_26)
FN:222,(anonymous_27)
FN:230,(anonymous_28)
FN:231,(anonymous_29)
FN:242,(anonymous_30)
FN:252,(anonymous_31)
FN:265,(anonymous_32)
FN:266,(anonymous_33)
FN:272,(anonymous_34)
FN:280,(anonymous_35)
FN:290,(anonymous_36)
FN:304,(anonymous_37)
FN:305,(anonymous_38)
FN:316,(anonymous_39)
FN:323,(anonymous_40)
FN:330,(anonymous_41)
FN:344,(anonymous_42)
FN:345,(anonymous_43)
FN:352,(anonymous_44)
FN:359,(anonymous_45)
FNF:46
FNH:0
FNDA:0,(anonymous_0)
FNDA:0,(anonymous_1)
FNDA:0,(anonymous_2)
FNDA:0,(anonymous_3)
FNDA:0,(anonymous_4)
FNDA:0,(anonymous_5)
FNDA:0,(anonymous_6)
FNDA:0,(anonymous_7)
FNDA:0,(anonymous_8)
FNDA:0,(anonymous_9)
FNDA:0,(anonymous_10)
FNDA:0,(anonymous_11)
FNDA:0,(anonymous_12)
FNDA:0,(anonymous_13)
FNDA:0,(anonymous_14)
FNDA:0,(anonymous_15)
FNDA:0,(anonymous_16)
FNDA:0,(anonymous_17)
FNDA:0,(anonymous_18)
FNDA:0,(anonymous_19)
FNDA:0,(anonymous_20)
FNDA:0,(anonymous_21)
FNDA:0,(anonymous_22)
FNDA:0,(anonymous_23)
FNDA:0,(anonymous_24)
FNDA:0,(anonymous_25)
FNDA:0,(anonymous_26)
FNDA:0,(anonymous_27)
FNDA:0,(anonymous_28)
FNDA:0,(anonymous_29)
FNDA:0,(anonymous_30)
FNDA:0,(anonymous_31)
FNDA:0,(anonymous_32)
FNDA:0,(anonymous_33)
FNDA:0,(anonymous_34)
FNDA:0,(anonymous_35)
FNDA:0,(anonymous_36)
FNDA:0,(anonymous_37)
FNDA:0,(anonymous_38)
FNDA:0,(anonymous_39)
FNDA:0,(anonymous_40)
FNDA:0,(anonymous_41)
FNDA:0,(anonymous_42)
FNDA:0,(anonymous_43)
FNDA:0,(anonymous_44)
FNDA:0,(anonymous_45)
DA:6,0
DA:7,0
DA:8,0
DA:9,0
DA:18,0
DA:19,0
DA:20,0
DA:23,0
DA:24,0
DA:26,0
DA:27,0
DA:30,0
DA:31,0
DA:32,0
DA:36,0
DA:39,0
DA:40,0
DA:44,0
DA:48,0
DA:49,0
DA:50,0
DA:51,0
DA:53,0
DA:54,0
DA:57,0
DA:58,0
DA:63,0
DA:65,0
DA:68,0
DA:69,0
DA:70,0
DA:72,0
DA:75,0
DA:76,0
DA:77,0
DA:79,0
DA:83,0
DA:84,0
DA:85,0
DA:86,0
DA:88,0
DA:91,0
DA:92,0
DA:93,0
DA:95,0
DA:98,0
DA:99,0
DA:100,0
DA:102,0
DA:103,0
DA:106,0
DA:107,0
DA:110,0
DA:112,0
DA:115,0
DA:116,0
DA:118,0
DA:120,0
DA:124,0
DA:125,0
DA:126,0
DA:129,0
DA:131,0
DA:134,0
DA:135,0
DA:138,0
DA:140,0
DA:143,0
DA:144,0
DA:146,0
DA:147,0
DA:149,0
DA:150,0
DA:152,0
DA:153,0
DA:157,0
DA:158,0
DA:159,0
DA:165,0
DA:168,0
DA:169,0
DA:171,0
DA:173,0
DA:176,0
DA:177,0
DA:188,0
DA:189,0
DA:192,0
DA:193,0
DA:204,0
DA:207,0
DA:208,0
DA:219,0
DA:222,0
DA:223,0
DA:224,0
DA:226,0
DA:230,0
DA:231,0
DA:232,0
DA:237,0
DA:239,0
DA:242,0
DA:243,0
DA:248,0
DA:249,0
DA:252,0
DA:253,0
DA:258,0
DA:259,0
DA:261,0
DA:265,0
DA:266,0
DA:267,0
DA:269,0
DA:272,0
DA:273,0
DA:274,0
DA:275,0
DA:277,0
DA:280,0
DA:281,0
DA:283,0
DA:284,0
DA:285,0
DA:287,0
DA:290,0
DA:291,0
DA:299,0
DA:300,0
DA:304,0
DA:305,0
DA:306,0
DA:312,0
DA:313,0
DA:316,0
DA:317,0
DA:318,0
DA:320,0
DA:323,0
DA:324,0
DA:325,0
DA:327,0
DA:330,0
DA:331,0
DA:337,0
DA:339,0
DA:340,0
DA:344,0
DA:345,0
DA:346,0
DA:347,0
DA:349,0
DA:352,0
DA:353,0
DA:354,0
DA:356,0
DA:359,0
DA:360,0
DA:366,0
LF:160
LH:0
BRDA:237,0,0,0
BRDA:237,0,1,0
BRDA:258,1,0,0
BRDA:258,1,1,0
BRF:4
BRH:0
end_of_record
TN:
SF:src\__tests__\websocket.test.ts
FN:6,(anonymous_0)
FN:7,(anonymous_1)
FN:8,(anonymous_2)
FN:14,(anonymous_3)
FN:21,(anonymous_4)
FN:27,(anonymous_5)
FN:34,(anonymous_6)
FN:40,(anonymous_7)
FN:49,(anonymous_8)
FN:56,(anonymous_9)
FN:57,(anonymous_10)
FN:68,(anonymous_11)
FN:79,(anonymous_12)
FN:89,(anonymous_13)
FN:99,(anonymous_14)
FN:109,(anonymous_15)
FN:119,(anonymous_16)
FN:129,(anonymous_17)
FN:140,(anonymous_18)
FN:141,(anonymous_19)
FN:148,(anonymous_20)
FN:155,(anonymous_21)
FN:162,(anonymous_22)
FN:169,(anonymous_23)
FN:179,(anonymous_24)
FN:180,(anonymous_25)
FN:187,(anonymous_26)
FN:194,(anonymous_27)
FN:201,(anonymous_28)
FN:215,(anonymous_29)
FN:222,(anonymous_30)
FN:228,(anonymous_31)
FN:229,(anonymous_32)
FN:236,(anonymous_33)
FN:243,(anonymous_34)
FN:250,(anonymous_35)
FN:256,(anonymous_36)
FN:261,(anonymous_37)
FN:268,(anonymous_38)
FN:280,(anonymous_39)
FN:281,(anonymous_40)
FN:287,(anonymous_41)
FN:299,(anonymous_42)
FN:308,(anonymous_43)
FN:315,(anonymous_44)
FN:323,(anonymous_45)
FN:324,(anonymous_46)
FN:330,(anonymous_47)
FN:333,(anonymous_48)
FN:338,(anonymous_49)
FN:345,(anonymous_50)
FN:352,(anonymous_51)
FN:355,(anonymous_52)
FNF:53
FNH:0
FNDA:0,(anonymous_0)
FNDA:0,(anonymous_1)
FNDA:0,(anonymous_2)
FNDA:0,(anonymous_3)
FNDA:0,(anonymous_4)
FNDA:0,(anonymous_5)
FNDA:0,(anonymous_6)
FNDA:0,(anonymous_7)
FNDA:0,(anonymous_8)
FNDA:0,(anonymous_9)
FNDA:0,(anonymous_10)
FNDA:0,(anonymous_11)
FNDA:0,(anonymous_12)
FNDA:0,(anonymous_13)
FNDA:0,(anonymous_14)
FNDA:0,(anonymous_15)
FNDA:0,(anonymous_16)
FNDA:0,(anonymous_17)
FNDA:0,(anonymous_18)
FNDA:0,(anonymous_19)
FNDA:0,(anonymous_20)
FNDA:0,(anonymous_21)
FNDA:0,(anonymous_22)
FNDA:0,(anonymous_23)
FNDA:0,(anonymous_24)
FNDA:0,(anonymous_25)
FNDA:0,(anonymous_26)
FNDA:0,(anonymous_27)
FNDA:0,(anonymous_28)
FNDA:0,(anonymous_29)
FNDA:0,(anonymous_30)
FNDA:0,(anonymous_31)
FNDA:0,(anonymous_32)
FNDA:0,(anonymous_33)
FNDA:0,(anonymous_34)
FNDA:0,(anonymous_35)
FNDA:0,(anonymous_36)
FNDA:0,(anonymous_37)
FNDA:0,(anonymous_38)
FNDA:0,(anonymous_39)
FNDA:0,(anonymous_40)
FNDA:0,(anonymous_41)
FNDA:0,(anonymous_42)
FNDA:0,(anonymous_43)
FNDA:0,(anonymous_44)
FNDA:0,(anonymous_45)
FNDA:0,(anonymous_46)
FNDA:0,(anonymous_47)
FNDA:0,(anonymous_48)
FNDA:0,(anonymous_49)
FNDA:0,(anonymous_50)
FNDA:0,(anonymous_51)
FNDA:0,(anonymous_52)
DA:6,0
DA:7,0
DA:8,0
DA:9,0
DA:11,0
DA:14,0
DA:15,0
DA:16,0
DA:18,0
DA:21,0
DA:22,0
DA:24,0
DA:27,0
DA:28,0
DA:29,0
DA:31,0
DA:34,0
DA:35,0
DA:37,0
DA:40,0
DA:41,0
DA:42,0
DA:44,0
DA:46,0
DA:49,0
DA:50,0
DA:52,0
DA:56,0
DA:57,0
DA:58,0
DA:65,0
DA:68,0
DA:69,0
DA:76,0
DA:79,0
DA:80,0
DA:86,0
DA:89,0
DA:90,0
DA:96,0
DA:99,0
DA:100,0
DA:106,0
DA:109,0
DA:110,0
DA:116,0
DA:119,0
DA:120,0
DA:126,0
DA:129,0
DA:130,0
DA:136,0
DA:140,0
DA:141,0
DA:142,0
DA:143,0
DA:145,0
DA:148,0
DA:149,0
DA:150,0
DA:152,0
DA:155,0
DA:156,0
DA:157,0
DA:159,0
DA:162,0
DA:163,0
DA:164,0
DA:166,0
DA:169,0
DA:170,0
DA:171,0
DA:173,0
DA:175,0
DA:179,0
DA:180,0
DA:181,0
DA:182,0
DA:184,0
DA:187,0
DA:188,0
DA:189,0
DA:191,0
DA:194,0
DA:195,0
DA:196,0
DA:198,0
DA:201,0
DA:202,0
DA:207,0
DA:212,0
DA:215,0
DA:216,0
DA:222,0
DA:224,0
DA:228,0
DA:229,0
DA:230,0
DA:231,0
DA:233,0
DA:236,0
DA:237,0
DA:243,0
DA:245,0
DA:246,0
DA:247,0
DA:250,0
DA:251,0
DA:256,0
DA:258,0
DA:261,0
DA:262,0
DA:263,0
DA:265,0
DA:268,0
DA:269,0
DA:270,0
DA:272,0
DA:273,0
DA:276,0
DA:280,0
DA:281,0
DA:282,0
DA:284,0
DA:287,0
DA:288,0
DA:294,0
DA:296,0
DA:299,0
DA:300,0
DA:301,0
DA:303,0
DA:305,0
DA:308,0
DA:309,0
DA:310,0
DA:312,0
DA:315,0
DA:316,0
DA:317,0
DA:319,0
DA:323,0
DA:324,0
DA:325,0
DA:327,0
DA:330,0
DA:331,0
DA:333,0
DA:335,0
DA:338,0
DA:339,0
DA:340,0
DA:342,0
DA:345,0
DA:346,0
DA:347,0
DA:349,0
DA:352,0
DA:353,0
DA:355,0
DA:357,0
LF:161
LH:0
BRDA:222,0,0,0
BRDA:222,0,1,0
BRF:2
BRH:0
end_of_record
TN:
SF:src\auth\auth.controller.ts
FN:9,(anonymous_4)
FN:12,(anonymous_5)
FN:18,(anonymous_6)
FNF:3
FNH:0
FNDA:0,(anonymous_4)
FNDA:0,(anonymous_5)
FNDA:0,(anonymous_6)
DA:1,0
DA:2,0
DA:3,0
DA:4,0
DA:8,0
DA:9,0
DA:12,0
DA:13,0
DA:18,0
DA:19,0
LF:10
LH:0
BRDA:12,0,0,0
BRDA:12,0,1,0
BRDA:12,1,0,0
BRDA:12,1,1,0
BRDA:12,2,0,0
BRDA:12,2,1,0
BRDA:12,3,0,0
BRDA:12,3,1,0
BRDA:18,4,0,0
BRDA:18,4,1,0
BRDA:18,5,0,0
BRDA:18,5,1,0
BRDA:18,6,0,0
BRDA:18,6,1,0
BRDA:18,7,0,0
BRDA:18,7,1,0
BRDA:9,8,0,0
BRDA:9,8,1,0
BRDA:9,9,0,0
BRDA:9,9,1,0
BRF:20
BRH:0
end_of_record
TN:
SF:src\auth\auth.module.ts
FNF:0
FNH:0
DA:1,0
DA:2,0
DA:3,0
DA:4,0
DA:5,0
DA:6,0
DA:7,0
DA:22,0
LF:8
LH:0
BRDA:14,0,0,0
BRDA:14,0,1,0
BRF:2
BRH:0
end_of_record
TN:
SF:src\auth\auth.service.ts
FN:11,(anonymous_11)
FN:16,(anonymous_12)
FN:52,(anonymous_13)
FN:84,(anonymous_14)
FNF:4
FNH:0
FNDA:0,(anonymous_11)
FNDA:0,(anonymous_12)
FNDA:0,(anonymous_13)
FNDA:0,(anonymous_14)
DA:1,0
DA:2,0
DA:3,0
DA:4,0
DA:10,0
DA:12,0
DA:13,0
DA:17,0
DA:20,0
DA:24,0
DA:25,0
DA:29,0
DA:31,0
DA:38,0
DA:43,0
DA:53,0
DA:55,0
DA:59,0
DA:60,0
DA:64,0
DA:66,0
DA:67,0
DA:70,0
DA:75,0
DA:85,0
LF:25
LH:0
BRDA:24,0,0,0
BRDA:24,0,1,0
BRDA:40,1,0,0
BRDA:40,1,1,0
BRDA:59,2,0,0
BRDA:59,2,1,0
BRDA:66,3,0,0
BRDA:66,3,1,0
BRDA:72,4,0,0
BRDA:72,4,1,0
BRDA:12,5,0,0
BRDA:12,5,1,0
BRDA:12,6,0,0
BRDA:12,6,1,0
BRDA:12,7,0,0
BRDA:12,7,1,0
BRDA:12,8,0,0
BRDA:12,8,1,0
BRF:18
BRH:0
end_of_record
TN:
SF:src\auth\dto\login.dto.ts
FNF:0
FNH:0
DA:1,0
DA:3,0
DA:5,0
DA:8,0
LF:4
LH:0
BRF:0
BRH:0
end_of_record
TN:
SF:src\auth\dto\register.dto.ts
FNF:0
FNH:0
DA:1,0
DA:3,0
DA:5,0
DA:12,0
LF:4
LH:0
BRF:0
BRH:0
end_of_record
TN:
SF:src\auth\guards\jwt-auth.guard.ts
FNF:0
FNH:0
DA:1,0
DA:2,0
DA:5,0
LF:3
LH:0
BRF:0
BRH:0
end_of_record
TN:
SF:src\auth\strategies\jwt.strategy.ts
FN:7,(anonymous_2)
FN:15,(anonymous_3)
FNF:2
FNH:0
FNDA:0,(anonymous_2)
FNDA:0,(anonymous_3)
DA:1,0
DA:2,0
DA:3,0
DA:6,0
DA:8,0
DA:16,0
LF:6
LH:0
BRDA:11,0,0,0
BRDA:11,0,1,0
BRF:2
BRH:0
end_of_record
TN:
SF:src\chess\chess.module.ts
FNF:0
FNH:0
DA:1,0
DA:2,0
DA:8,0
LF:3
LH:0
BRF:0
BRH:0
end_of_record
TN:
SF:src\chess\chess.service.ts
FN:9,(anonymous_1)
FN:16,(anonymous_2)
FN:23,(anonymous_3)
FN:26,(anonymous_4)
FN:35,(anonymous_5)
FN:50,(anonymous_6)
FN:51,(anonymous_7)
FN:57,(anonymous_8)
FN:64,(anonymous_9)
FN:71,(anonymous_10)
FN:78,(anonymous_11)
FN:85,(anonymous_12)
FN:92,(anonymous_13)
FN:99,(anonymous_14)
FNF:14
FNH:12
FNDA:9,(anonymous_1)
FNDA:18,(anonymous_2)
FNDA:5,(anonymous_3)
FNDA:7,(anonymous_4)
FNDA:7,(anonymous_5)
FNDA:2,(anonymous_6)
FNDA:20,(anonymous_7)
FNDA:0,(anonymous_8)
FNDA:2,(anonymous_9)
FNDA:3,(anonymous_10)
FNDA:0,(anonymous_11)
FNDA:4,(anonymous_12)
FNDA:4,(anonymous_13)
FNDA:2,(anonymous_14)
DA:1,2
DA:2,2
DA:5,2
DA:10,9
DA:17,18
DA:24,5
DA:25,5
DA:26,7
DA:28,0
DA:36,7
DA:37,7
DA:38,6
DA:39,0
DA:41,6
DA:43,1
DA:51,20
DA:58,0
DA:65,2
DA:72,3
DA:79,0
DA:86,4
DA:93,4
DA:100,2
LF:23
LH:19
BRDA:38,0,0,0
BRDA:38,0,1,6
BRF:2
BRH:1
end_of_record
TN:
SF:src\database\database.module.ts
FNF:0
FNH:0
DA:1,0
DA:2,0
DA:3,0
DA:9,0
LF:4
LH:0
BRF:0
BRH:0
end_of_record
TN:
SF:src\database\postgres.service.ts
FN:8,(anonymous_2)
FN:15,(anonymous_3)
FN:26,(anonymous_4)
FN:31,(anonymous_5)
FN:35,(anonymous_6)
FN:40,(anonymous_7)
FNF:6
FNH:0
FNDA:0,(anonymous_2)
FNDA:0,(anonymous_3)
FNDA:0,(anonymous_4)
FNDA:0,(anonymous_5)
FNDA:0,(anonymous_6)
FNDA:0,(anonymous_7)
DA:1,1
DA:2,1
DA:5,1
DA:10,0
DA:16,0
DA:17,0
DA:18,0
DA:19,0
DA:21,0
DA:22,0
DA:27,0
DA:28,0
DA:32,0
DA:36,0
DA:37,0
DA:41,0
DA:42,0
DA:43,0
DA:44,0
DA:45,0
DA:46,0
DA:48,0
DA:49,0
DA:51,0
LF:24
LH:3
BRDA:37,0,0,0
BRDA:37,0,1,0
BRF:2
BRH:0
end_of_record
TN:
SF:src\database\prisma.service.ts
FN:9,(anonymous_2)
FN:21,(anonymous_3)
FN:29,(anonymous_4)
FN:35,(anonymous_5)
FN:51,(anonymous_6)
FN:56,(anonymous_7)
FN:60,(anonymous_8)
FN:77,(anonymous_9)
FN:83,(anonymous_10)
FN:100,(anonymous_11)
FN:121,(anonymous_12)
FN:137,(anonymous_13)
FN:143,(anonymous_14)
FN:147,(anonymous_15)
FN:162,(anonymous_16)
FNF:15
FNH:0
FNDA:0,(anonymous_2)
FNDA:0,(anonymous_3)
FNDA:0,(anonymous_4)
FNDA:0,(anonymous_5)
FNDA:0,(anonymous_6)
FNDA:0,(anonymous_7)
FNDA:0,(anonymous_8)
FNDA:0,(anonymous_9)
FNDA:0,(anonymous_10)
FNDA:0,(anonymous_11)
FNDA:0,(anonymous_12)
FNDA:0,(anonymous_13)
FNDA:0,(anonymous_14)
FNDA:0,(anonymous_15)
FNDA:0,(anonymous_16)
DA:1,0
DA:2,0
DA:5,0
DA:8,0
DA:10,0
DA:11,0
DA:12,0
DA:13,0
DA:15,0
DA:16,0
DA:17,0
DA:19,0
DA:22,0
DA:23,0
DA:27,0
DA:30,0
DA:31,0
DA:32,0
DA:33,0
DA:35,0
DA:36,0
DA:37,0
DA:38,0
DA:40,0
DA:42,0
DA:46,0
DA:50,0
DA:52,0
DA:53,0
DA:54,0
DA:57,0
DA:58,0
DA:61,0
DA:62,0
DA:75,0
DA:78,0
DA:79,0
DA:80,0
DA:81,0
DA:83,0
DA:84,0
DA:85,0
DA:86,0
DA:87,0
DA:89,0
DA:91,0
DA:95,0
DA:99,0
DA:101,0
DA:102,0
DA:103,0
DA:104,0
DA:105,0
DA:106,0
DA:107,0
DA:108,0
DA:110,0
DA:111,0
DA:112,0
DA:114,0
DA:115,0
DA:118,0
DA:119,0
DA:122,0
DA:123,0
DA:133,0
DA:138,0
DA:144,0
DA:148,0
DA:149,0
DA:150,0
DA:151,0
DA:152,0
DA:153,0
DA:155,0
DA:156,0
DA:158,0
DA:163,0
LF:78
LH:0
BRDA:11,0,0,0
BRDA:11,0,1,0
BRDA:13,1,0,0
BRDA:13,1,1,0
BRDA:15,2,0,0
BRDA:15,2,1,0
BRDA:17,3,0,0
BRDA:17,3,1,0
BRDA:25,4,0,0
BRDA:25,4,1,0
BRDA:25,5,0,0
BRDA:25,5,1,0
BRDA:25,6,0,0
BRDA:25,6,1,0
BRDA:54,7,0,0
BRDA:54,7,1,0
BRDA:65,8,0,0
BRDA:65,8,1,0
BRDA:67,9,0,0
BRDA:67,9,1,0
BRDA:68,10,0,0
BRDA:68,10,1,0
BRDA:69,11,0,0
BRDA:69,11,1,0
BRDA:70,12,0,0
BRDA:70,12,1,0
BRDA:84,13,0,0
BRDA:84,13,1,0
BRDA:84,14,0,0
BRDA:84,14,1,0
BRDA:84,15,0,0
BRDA:84,15,1,0
BRDA:84,16,0,0
BRDA:84,16,1,0
BRDA:104,17,0,0
BRDA:104,17,1,0
BRDA:106,18,0,0
BRDA:106,18,1,0
BRDA:110,19,0,0
BRDA:110,19,1,0
BRDA:114,20,0,0
BRDA:114,20,1,0
BRDA:126,21,0,0
BRDA:126,21,1,0
BRDA:130,22,0,0
BRDA:130,22,1,0
BRF:46
BRH:0
end_of_record
TN:
SF:src\games\games.controller.ts
FN:23,(anonymous_4)
FN:26,(anonymous_5)
FN:44,(anonymous_6)
FN:56,(anonymous_7)
FN:76,(anonymous_8)
FN:95,(anonymous_9)
FNF:6
FNH:0
FNDA:0,(anonymous_4)
FNDA:0,(anonymous_5)
FNDA:0,(anonymous_6)
FNDA:0,(anonymous_7)
FNDA:0,(anonymous_8)
FNDA:0,(anonymous_9)
DA:1,0
DA:14,0
DA:15,0
DA:16,0
DA:17,0
DA:18,0
DA:19,0
DA:22,0
DA:23,0
DA:26,0
DA:31,0
DA:32,0
DA:35,0
DA:36,0
DA:38,0
DA:44,0
DA:48,0
DA:49,0
DA:51,0
DA:56,0
DA:60,0
DA:61,0
DA:62,0
DA:63,0
DA:65,0
DA:67,0
DA:68,0
DA:70,0
DA:76,0
DA:81,0
DA:82,0
DA:89,0
DA:95,0
DA:100,0
DA:101,0
DA:103,0
LF:36
LH:0
BRDA:31,0,0,0
BRDA:31,0,1,0
BRDA:31,1,0,0
BRDA:31,1,1,0
BRDA:62,2,0,0
BRDA:62,2,1,0
BRDA:67,3,0,0
BRDA:67,3,1,0
BRDA:27,4,0,0
BRDA:27,4,1,0
BRDA:27,5,0,0
BRDA:27,5,1,0
BRDA:45,6,0,0
BRDA:45,6,1,0
BRDA:45,7,0,0
BRDA:45,7,1,0
BRDA:78,8,0,0
BRDA:78,8,1,0
BRDA:78,9,0,0
BRDA:78,9,1,0
BRDA:97,10,0,0
BRDA:97,10,1,0
BRDA:97,11,0,0
BRDA:97,11,1,0
BRDA:23,12,0,0
BRDA:23,12,1,0
BRDA:23,13,0,0
BRDA:23,13,1,0
BRF:28
BRH:0
end_of_record
TN:
SF:src\games\games.gateway.ts
FN:39,(anonymous_4)
FN:41,(anonymous_5)
FN:45,(anonymous_6)
FN:63,(anonymous_7)
FN:104,(anonymous_8)
FN:141,(anonymous_9)
FN:172,(anonymous_10)
FN:202,(anonymous_11)
FN:227,(anonymous_12)
FN:245,(anonymous_13)
FN:252,(anonymous_14)
FNF:11
FNH:0
FNDA:0,(anonymous_4)
FNDA:0,(anonymous_5)
FNDA:0,(anonymous_6)
FNDA:0,(anonymous_7)
FNDA:0,(anonymous_8)
FNDA:0,(anonymous_9)
FNDA:0,(anonymous_10)
FNDA:0,(anonymous_11)
FNDA:0,(anonymous_12)
FNDA:0,(anonymous_13)
FNDA:0,(anonymous_14)
DA:1,0
DA:10,0
DA:11,0
DA:12,0
DA:26,0
DA:28,0
DA:31,0
DA:37,0
DA:39,0
DA:42,0
DA:46,0
DA:49,0
DA:50,0
DA:51,0
DA:52,0
DA:53,0
DA:63,0
DA:67,0
DA:70,0
DA:73,0
DA:76,0
DA:77,0
DA:80,0
DA:81,0
DA:84,0
DA:85,0
DA:86,0
DA:87,0
DA:90,0
DA:96,0
DA:104,0
DA:117,0
DA:120,0
DA:131,0
DA:141,0
DA:152,0
DA:155,0
DA:164,0
DA:172,0
DA:181,0
DA:184,0
DA:192,0
DA:194,0
DA:202,0
DA:206,0
DA:209,0
DA:217,0
DA:219,0
DA:227,0
DA:233,0
DA:238,0
DA:245,0
DA:246,0
DA:253,0
DA:254,0
DA:257,0
DA:259,0
DA:260,0
DA:266,0
LF:59
LH:0
BRDA:50,0,0,0
BRDA:50,0,1,0
BRDA:76,1,0,0
BRDA:76,1,1,0
BRDA:81,2,0,0
BRDA:81,2,1,0
BRDA:84,3,0,0
BRDA:84,3,1,0
BRDA:86,4,0,0
BRDA:86,4,1,0
BRDA:86,5,0,0
BRDA:86,5,1,0
BRDA:254,6,0,0
BRDA:254,6,1,0
BRDA:254,7,0,0
BRDA:254,7,1,0
BRDA:257,8,0,0
BRDA:257,8,1,0
BRDA:259,9,0,0
BRDA:259,9,1,0
BRDA:28,10,0,0
BRDA:28,10,1,0
BRDA:28,11,0,0
BRDA:28,11,1,0
BRDA:64,12,0,0
BRDA:64,12,1,0
BRDA:64,13,0,0
BRDA:64,13,1,0
BRDA:105,14,0,0
BRDA:105,14,1,0
BRDA:105,15,0,0
BRDA:105,15,1,0
BRDA:142,16,0,0
BRDA:142,16,1,0
BRDA:142,17,0,0
BRDA:142,17,1,0
BRDA:173,18,0,0
BRDA:173,18,1,0
BRDA:173,19,0,0
BRDA:173,19,1,0
BRDA:203,20,0,0
BRDA:203,20,1,0
BRDA:203,21,0,0
BRDA:203,21,1,0
BRDA:228,22,0,0
BRDA:228,22,1,0
BRDA:228,23,0,0
BRDA:228,23,1,0
BRDA:245,24,0,0
BRDA:245,24,1,0
BRDA:245,25,0,0
BRDA:245,25,1,0
BRDA:39,26,0,0
BRDA:39,26,1,0
BRDA:39,27,0,0
BRDA:39,27,1,0
BRF:56
BRH:0
end_of_record
TN:
SF:src\games\games.module.ts
FNF:0
FNH:0
DA:1,0
DA:2,0
DA:3,0
DA:4,0
DA:5,0
DA:6,0
DA:13,0
LF:7
LH:0
BRF:0
BRH:0
end_of_record
TN:
SF:src\games\games.service.ts
FN:10,(anonymous_2)
FN:15,(anonymous_3)
FN:24,(anonymous_4)
FN:50,(anonymous_5)
FN:56,(anonymous_6)
FN:73,(anonymous_7)
FN:108,(anonymous_8)
FN:116,(anonymous_9)
FN:159,(anonymous_10)
FN:167,(anonymous_11)
FN:189,(anonymous_12)
FN:200,(anonymous_13)
FN:202,(anonymous_14)
FN:213,(anonymous_15)
FN:248,(anonymous_16)
FN:256,(anonymous_17)
FN:257,(anonymous_18)
FN:260,(anonymous_19)
FN:285,(anonymous_20)
FN:289,(anonymous_21)
FN:291,(anonymous_22)
FN:317,(anonymous_23)
FN:382,(anonymous_24)
FNF:23
FNH:3
FNDA:6,(anonymous_2)
FNDA:101,(anonymous_3)
FNDA:3,(anonymous_4)
FNDA:0,(anonymous_5)
FNDA:0,(anonymous_6)
FNDA:0,(anonymous_7)
FNDA:0,(anonymous_8)
FNDA:0,(anonymous_9)
FNDA:0,(anonymous_10)
FNDA:0,(anonymous_11)
FNDA:0,(anonymous_12)
FNDA:0,(anonymous_13)
FNDA:0,(anonymous_14)
FNDA:0,(anonymous_15)
FNDA:0,(anonymous_16)
FNDA:0,(anonymous_17)
FNDA:0,(anonymous_18)
FNDA:0,(anonymous_19)
FNDA:0,(anonymous_20)
FNDA:0,(anonymous_21)
FNDA:0,(anonymous_22)
FNDA:0,(anonymous_23)
FNDA:0,(anonymous_24)
DA:1,1
DA:2,1
DA:3,1
DA:4,1
DA:9,1
DA:11,6
DA:12,6
DA:16,101
DA:17,101
DA:18,101
DA:19,606
DA:21,101
DA:28,3
DA:39,3
DA:40,21
DA:41,21
DA:44,3
DA:51,0
DA:52,0
DA:54,0
DA:56,0
DA:57,0
DA:58,0
DA:59,0
DA:61,0
DA:67,0
DA:68,0
DA:70,0
DA:71,0
DA:73,0
DA:74,0
DA:75,0
DA:76,0
DA:79,0
DA:82,0
DA:83,0
DA:85,0
DA:94,0
DA:99,0
DA:108,0
DA:117,0
DA:122,0
DA:123,0
DA:126,0
DA:132,0
DA:135,0
DA:141,0
DA:143,0
DA:144,0
DA:145,0
DA:149,0
DA:152,0
DA:159,0
DA:168,0
DA:173,0
DA:174,0
DA:177,0
DA:178,0
DA:181,0
DA:182,0
DA:185,0
DA:186,0
DA:189,0
DA:190,0
DA:195,0
DA:200,0
DA:201,0
DA:202,0
DA:203,0
DA:209,0
DA:214,0
DA:219,0
DA:220,0
DA:223,0
DA:224,0
DA:227,0
DA:228,0
DA:230,0
DA:232,0
DA:233,0
DA:236,0
DA:237,0
DA:240,0
DA:242,0
DA:243,0
DA:246,0
DA:247,0
DA:249,0
DA:254,0
DA:255,0
DA:256,0
DA:258,0
DA:260,0
DA:262,0
DA:271,0
DA:274,0
DA:275,0
DA:276,0
DA:279,0
DA:281,0
DA:282,0
DA:284,0
DA:285,0
DA:289,0
DA:291,0
DA:292,0
DA:293,0
DA:298,0
DA:299,0
DA:301,0
DA:313,0
DA:318,0
DA:323,0
DA:324,0
DA:327,0
DA:332,0
DA:333,0
DA:336,0
DA:337,0
DA:340,0
DA:341,0
DA:344,0
DA:345,0
DA:347,0
DA:349,0
DA:355,0
DA:357,0
DA:363,0
DA:365,0
DA:371,0
DA:373,0
DA:379,0
DA:382,0
DA:383,0
DA:388,0
DA:389,0
DA:392,0
DA:397,0
LF:138
LH:17
BRDA:58,0,0,0
BRDA:58,0,1,0
BRDA:59,1,0,0
BRDA:59,1,1,0
BRDA:64,2,0,0
BRDA:64,2,1,0
BRDA:74,3,0,0
BRDA:74,3,1,0
BRDA:96,4,0,0
BRDA:96,4,1,0
BRDA:122,5,0,0
BRDA:122,5,1,0
BRDA:126,6,0,0
BRDA:126,6,1,0
BRDA:127,7,0,0
BRDA:127,7,1,0
BRDA:127,7,2,0
BRDA:127,7,3,0
BRDA:141,8,0,0
BRDA:141,8,1,0
BRDA:144,9,0,0
BRDA:144,9,1,0
BRDA:173,10,0,0
BRDA:173,10,1,0
BRDA:177,11,0,0
BRDA:177,11,1,0
BRDA:181,12,0,0
BRDA:181,12,1,0
BRDA:185,13,0,0
BRDA:185,13,1,0
BRDA:201,14,0,0
BRDA:201,14,1,0
BRDA:219,15,0,0
BRDA:219,15,1,0
BRDA:223,16,0,0
BRDA:223,16,1,0
BRDA:223,17,0,0
BRDA:223,17,1,0
BRDA:230,18,0,0
BRDA:230,18,1,0
BRDA:230,18,2,0
BRDA:230,18,3,0
BRDA:232,19,0,0
BRDA:232,19,1,0
BRDA:236,20,0,0
BRDA:236,20,1,0
BRDA:242,21,0,0
BRDA:242,21,1,0
BRDA:246,22,0,0
BRDA:246,22,1,0
BRDA:249,23,0,0
BRDA:249,23,1,0
BRDA:249,23,2,0
BRDA:254,24,0,0
BRDA:254,24,1,0
BRDA:256,25,0,0
BRDA:256,25,1,0
BRDA:258,26,0,0
BRDA:258,26,1,0
BRDA:265,27,0,0
BRDA:265,27,1,0
BRDA:275,28,0,0
BRDA:275,28,1,0
BRDA:281,29,0,0
BRDA:281,29,1,0
BRDA:284,30,0,0
BRDA:284,30,1,0
BRDA:298,31,0,0
BRDA:298,31,1,0
BRDA:299,32,0,0
BRDA:299,32,1,0
BRDA:323,33,0,0
BRDA:323,33,1,0
BRDA:332,34,0,0
BRDA:332,34,1,0
BRDA:336,35,0,0
BRDA:336,35,1,0
BRDA:340,36,0,0
BRDA:340,36,1,0
BRDA:344,37,0,0
BRDA:344,37,1,0
BRDA:347,38,0,0
BRDA:347,38,1,0
BRDA:347,38,2,0
BRDA:347,38,3,0
BRDA:388,39,0,0
BRDA:388,39,1,0
BRDA:11,40,0,1
BRDA:11,40,1,0
BRDA:11,41,0,1
BRDA:11,41,1,1
BRDA:11,42,0,1
BRDA:11,42,1,0
BRDA:11,43,0,1
BRDA:11,43,1,1
BRF:95
BRH:6
end_of_record
TN:
SF:src\games\dto\create-game.dto.ts
FNF:0
FNH:0
DA:1,0
DA:4,0
DA:6,0
LF:3
LH:0
BRF:0
BRH:0
end_of_record
TN:
SF:src\games\dto\join-room.dto.ts
FNF:0
FNH:0
DA:1,0
DA:3,0
DA:6,0
LF:3
LH:0
BRF:0
BRH:0
end_of_record
TN:
SF:src\games\dto\make-move.dto.ts
FNF:0
FNH:0
DA:1,0
DA:3,0
DA:6,0
DA:10,0
LF:4
LH:0
BRF:0
BRH:0
end_of_record
TN:
SF:src\games\dto\use-card.dto.ts
FNF:0
FNH:0
DA:1,0
DA:3,0
DA:5,0
DA:8,0
LF:4
LH:0
BRF:0
BRH:0
end_of_record
